[     853ms] [ERROR] The Content Security Policy directive 'upgrade-insecure-requests' is ignored when delivered in a report-only policy. @ https://jimeng.jianying.com/ai-tool/home:0
[    1586ms] [LOG] [fmp] hit element: JSHandle@node @ https://lf3-lv-buz.vlabstatic.com/obj/image-lvweb-buz/ies/dreamina/web/jimeng/static/sidecode/fmp.e06bd0f74b.js:1
[    1586ms] [LOG] [fmp] hit element: JSHandle@node @ https://lf3-lv-buz.vlabstatic.com/obj/image-lvweb-buz/ies/dreamina/web/jimeng/static/sidecode/fmp.e06bd0f74b.js:1
[    1587ms] [LOG] [ccfmp] success: 1362.1800000000512 #ssr-waterfall-feed>div.container-LjAeCU>div.masonry-layout-_dZb6m.masonry-layout>div.masonry-layout-scroll-content-K5a0PK>div.masonry-layout-item-Fz9dDk.masonry-layout-item>div.container-DqDS7y>div.container-w9K_21>img.image-D0NE87 @ https://lf3-lv-buz.vlabstatic.com/obj/image-lvweb-buz/ies/dreamina/web/jimeng/static/sidecode/fmp.e06bd0f74b.js:1
[    1588ms] [LOG] [ccfmp] success: 1362.1800000000512 #ssr-waterfall-feed>div.container-LjAeCU>div.masonry-layout-_dZb6m.masonry-layout>div.masonry-layout-scroll-content-K5a0PK>div.masonry-layout-item-Fz9dDk.masonry-layout-item>div.container-DqDS7y>div.container-w9K_21>img.image-D0NE87 @ https://lf3-lv-buz.vlabstatic.com/obj/image-lvweb-buz/ies/dreamina/web/jimeng/static/sidecode/fmp.e06bd0f74b.js:1
[    1972ms] [LOG] [options] {commonOptions: Object, captchaOptions: Object, secondVerifyWebOptions: undefined} @ https://lf3-lv-buz.vlabstatic.com/obj/image-lvweb-buz/ies/dreamina/web/jimeng/static/js/async/lib-account-api.b9d23cf5ff.js:1
[    1979ms] [LOG] [fpStr] ===> verify_mpxd0sh3_NAN9WNrb_rIdL_4X8V_B9LM_xvqAgAOhy60Z @ https://lf3-lv-buz.vlabstatic.com/obj/image-lvweb-buz/ies/dreamina/web/jimeng/static/js/async/lib-account-api.b9d23cf5ff.js:1
[    2806ms] [ERROR] The Content Security Policy directive 'upgrade-insecure-requests' is ignored when delivered in a report-only policy. @ https://lf3-lv-buz.vlabstatic.com/obj/image-lvweb-buz/ies/dreamina/web/jimeng/static/sidecode/headScript.2394b96f78.js:1
[    2806ms] [ERROR] The Content Security Policy directive 'upgrade-insecure-requests' is ignored when delivered in a report-only policy. @ https://lf3-lv-buz.vlabstatic.com/obj/image-lvweb-buz/ies/dreamina/web/jimeng/static/sidecode/headScript.2394b96f78.js:1
[    2810ms] [ERROR] The Content Security Policy directive 'upgrade-insecure-requests' is ignored when delivered in a report-only policy. @ https://lf3-lv-buz.vlabstatic.com/obj/image-lvweb-buz/ies/dreamina/web/jimeng/static/sidecode/headScript.2394b96f78.js:1
[    3688ms] [ERROR] The Content Security Policy directive 'upgrade-insecure-requests' is ignored when delivered in a report-only policy. @ https://lf3-lv-buz.vlabstatic.com/obj/image-lvweb-buz/ies/dreamina/web/jimeng/static/sidecode/headScript.2394b96f78.js:1
[    5110ms] TypeError: Cannot read properties of null (reading 'key')
    at tz.<anonymous> (https://lf3-lv-buz.vlabstatic.com/obj/image-lvweb-buz/ies/dreamina/web/jimeng/static/js/async/4476.89a40eef65.js:1:87070)
    at Generator.next (<anonymous>)
    at n (https://lf3-lv-buz.vlabstatic.com/obj/image-lvweb-buz/ies/dreamina/web/jimeng/static/js/initial-vendors.fccef89a08.js:2:371841)
    at s (https://lf3-lv-buz.vlabstatic.com/obj/image-lvweb-buz/ies/dreamina/web/jimeng/static/js/initial-vendors.fccef89a08.js:2:372038)
    at https://lf3-lv-buz.vlabstatic.com/obj/image-lvweb-buz/ies/dreamina/web/jimeng/static/js/initial-vendors.fccef89a08.js:2:372097
    at new Promise (<anonymous>)
    at tz.<anonymous> (https://lf3-lv-buz.vlabstatic.com/obj/image-lvweb-buz/ies/dreamina/web/jimeng/static/js/initial-vendors.fccef89a08.js:2:371979)
    at priorityLevel (https://lf3-lv-buz.vlabstatic.com/obj/image-lvweb-buz/ies/dreamina/web/jimeng/static/js/async/4476.89a40eef65.js:1:87139)
    at n.workLoop (https://lf3-lv-buz.vlabstatic.com/obj/image-lvweb-buz/ies/dreamina/web/jimeng/static/js/byted-image.47d0e5a6b9.js:5:12041)
    at n._handleHostCallback (https://lf3-lv-buz.vlabstatic.com/obj/image-lvweb-buz/ies/dreamina/web/jimeng/static/js/byted-image.47d0e5a6b9.js:5:14895)
[    5110ms] TypeError: Cannot read properties of null (reading 'key')
    at tz.<anonymous> (https://lf3-lv-buz.vlabstatic.com/obj/image-lvweb-buz/ies/dreamina/web/jimeng/static/js/async/4476.89a40eef65.js:1:87070)
    at Generator.next (<anonymous>)
    at n (https://lf3-lv-buz.vlabstatic.com/obj/image-lvweb-buz/ies/dreamina/web/jimeng/static/js/initial-vendors.fccef89a08.js:2:371841)
    at s (https://lf3-lv-buz.vlabstatic.com/obj/image-lvweb-buz/ies/dreamina/web/jimeng/static/js/initial-vendors.fccef89a08.js:2:372038)
    at https://lf3-lv-buz.vlabstatic.com/obj/image-lvweb-buz/ies/dreamina/web/jimeng/static/js/initial-vendors.fccef89a08.js:2:372097
    at new Promise (<anonymous>)
    at tz.<anonymous> (https://lf3-lv-buz.vlabstatic.com/obj/image-lvweb-buz/ies/dreamina/web/jimeng/static/js/initial-vendors.fccef89a08.js:2:371979)
    at priorityLevel (https://lf3-lv-buz.vlabstatic.com/obj/image-lvweb-buz/ies/dreamina/web/jimeng/static/js/async/4476.89a40eef65.js:1:87139)
    at n.workLoop (https://lf3-lv-buz.vlabstatic.com/obj/image-lvweb-buz/ies/dreamina/web/jimeng/static/js/byted-image.47d0e5a6b9.js:5:12041)
    at n._handleHostCallback (https://lf3-lv-buz.vlabstatic.com/obj/image-lvweb-buz/ies/dreamina/web/jimeng/static/js/byted-image.47d0e5a6b9.js:5:14895)
[    5586ms] TypeError: Cannot read properties of null (reading 'key')
    at tV.<anonymous> (https://lf3-lv-buz.vlabstatic.com/obj/image-lvweb-buz/ies/dreamina/web/jimeng/static/js/async/4476.89a40eef65.js:1:85213)
    at Generator.next (<anonymous>)
    at n (https://lf3-lv-buz.vlabstatic.com/obj/image-lvweb-buz/ies/dreamina/web/jimeng/static/js/initial-vendors.fccef89a08.js:2:371841)
    at s (https://lf3-lv-buz.vlabstatic.com/obj/image-lvweb-buz/ies/dreamina/web/jimeng/static/js/initial-vendors.fccef89a08.js:2:372038)
    at https://lf3-lv-buz.vlabstatic.com/obj/image-lvweb-buz/ies/dreamina/web/jimeng/static/js/initial-vendors.fccef89a08.js:2:372097
    at new Promise (<anonymous>)
    at tV.<anonymous> (https://lf3-lv-buz.vlabstatic.com/obj/image-lvweb-buz/ies/dreamina/web/jimeng/static/js/initial-vendors.fccef89a08.js:2:371979)
    at priorityLevel (https://lf3-lv-buz.vlabstatic.com/obj/image-lvweb-buz/ies/dreamina/web/jimeng/static/js/async/4476.89a40eef65.js:1:85282)
    at n.workLoop (https://lf3-lv-buz.vlabstatic.com/obj/image-lvweb-buz/ies/dreamina/web/jimeng/static/js/byted-image.47d0e5a6b9.js:5:12041)
    at n._handleHostCallback (https://lf3-lv-buz.vlabstatic.com/obj/image-lvweb-buz/ies/dreamina/web/jimeng/static/js/byted-image.47d0e5a6b9.js:5:14895)
[    5587ms] TypeError: Cannot read properties of null (reading 'key')
    at tV.<anonymous> (https://lf3-lv-buz.vlabstatic.com/obj/image-lvweb-buz/ies/dreamina/web/jimeng/static/js/async/4476.89a40eef65.js:1:85213)
    at Generator.next (<anonymous>)
    at n (https://lf3-lv-buz.vlabstatic.com/obj/image-lvweb-buz/ies/dreamina/web/jimeng/static/js/initial-vendors.fccef89a08.js:2:371841)
    at s (https://lf3-lv-buz.vlabstatic.com/obj/image-lvweb-buz/ies/dreamina/web/jimeng/static/js/initial-vendors.fccef89a08.js:2:372038)
    at https://lf3-lv-buz.vlabstatic.com/obj/image-lvweb-buz/ies/dreamina/web/jimeng/static/js/initial-vendors.fccef89a08.js:2:372097
    at new Promise (<anonymous>)
    at tV.<anonymous> (https://lf3-lv-buz.vlabstatic.com/obj/image-lvweb-buz/ies/dreamina/web/jimeng/static/js/initial-vendors.fccef89a08.js:2:371979)
    at priorityLevel (https://lf3-lv-buz.vlabstatic.com/obj/image-lvweb-buz/ies/dreamina/web/jimeng/static/js/async/4476.89a40eef65.js:1:85282)
    at n.workLoop (https://lf3-lv-buz.vlabstatic.com/obj/image-lvweb-buz/ies/dreamina/web/jimeng/static/js/byted-image.47d0e5a6b9.js:5:12041)
    at n._handleHostCallback (https://lf3-lv-buz.vlabstatic.com/obj/image-lvweb-buz/ies/dreamina/web/jimeng/static/js/byted-image.47d0e5a6b9.js:5:14895)
[    5587ms] TypeError: Cannot read properties of null (reading 'key')
    at tV.<anonymous> (https://lf3-lv-buz.vlabstatic.com/obj/image-lvweb-buz/ies/dreamina/web/jimeng/static/js/async/4476.89a40eef65.js:1:85213)
    at Generator.next (<anonymous>)
    at n (https://lf3-lv-buz.vlabstatic.com/obj/image-lvweb-buz/ies/dreamina/web/jimeng/static/js/initial-vendors.fccef89a08.js:2:371841)
    at s (https://lf3-lv-buz.vlabstatic.com/obj/image-lvweb-buz/ies/dreamina/web/jimeng/static/js/initial-vendors.fccef89a08.js:2:372038)
    at https://lf3-lv-buz.vlabstatic.com/obj/image-lvweb-buz/ies/dreamina/web/jimeng/static/js/initial-vendors.fccef89a08.js:2:372097
    at new Promise (<anonymous>)
    at tV.<anonymous> (https://lf3-lv-buz.vlabstatic.com/obj/image-lvweb-buz/ies/dreamina/web/jimeng/static/js/initial-vendors.fccef89a08.js:2:371979)
    at priorityLevel (https://lf3-lv-buz.vlabstatic.com/obj/image-lvweb-buz/ies/dreamina/web/jimeng/static/js/async/4476.89a40eef65.js:1:85282)
    at n.workLoop (https://lf3-lv-buz.vlabstatic.com/obj/image-lvweb-buz/ies/dreamina/web/jimeng/static/js/byted-image.47d0e5a6b9.js:5:12041)
    at n._handleHostCallback (https://lf3-lv-buz.vlabstatic.com/obj/image-lvweb-buz/ies/dreamina/web/jimeng/static/js/byted-image.47d0e5a6b9.js:5:14895)
[    5587ms] TypeError: Cannot read properties of null (reading 'key')
    at tV.<anonymous> (https://lf3-lv-buz.vlabstatic.com/obj/image-lvweb-buz/ies/dreamina/web/jimeng/static/js/async/4476.89a40eef65.js:1:85213)
    at Generator.next (<anonymous>)
    at n (https://lf3-lv-buz.vlabstatic.com/obj/image-lvweb-buz/ies/dreamina/web/jimeng/static/js/initial-vendors.fccef89a08.js:2:371841)
    at s (https://lf3-lv-buz.vlabstatic.com/obj/image-lvweb-buz/ies/dreamina/web/jimeng/static/js/initial-vendors.fccef89a08.js:2:372038)
    at https://lf3-lv-buz.vlabstatic.com/obj/image-lvweb-buz/ies/dreamina/web/jimeng/static/js/initial-vendors.fccef89a08.js:2:372097
    at new Promise (<anonymous>)
    at tV.<anonymous> (https://lf3-lv-buz.vlabstatic.com/obj/image-lvweb-buz/ies/dreamina/web/jimeng/static/js/initial-vendors.fccef89a08.js:2:371979)
    at priorityLevel (https://lf3-lv-buz.vlabstatic.com/obj/image-lvweb-buz/ies/dreamina/web/jimeng/static/js/async/4476.89a40eef65.js:1:85282)
    at n.workLoop (https://lf3-lv-buz.vlabstatic.com/obj/image-lvweb-buz/ies/dreamina/web/jimeng/static/js/byted-image.47d0e5a6b9.js:5:12041)
    at n._handleHostCallback (https://lf3-lv-buz.vlabstatic.com/obj/image-lvweb-buz/ies/dreamina/web/jimeng/static/js/byted-image.47d0e5a6b9.js:5:14895)
[    5587ms] TypeError: Cannot read properties of null (reading 'key')
    at tV.<anonymous> (https://lf3-lv-buz.vlabstatic.com/obj/image-lvweb-buz/ies/dreamina/web/jimeng/static/js/async/4476.89a40eef65.js:1:85213)
    at Generator.next (<anonymous>)
    at n (https://lf3-lv-buz.vlabstatic.com/obj/image-lvweb-buz/ies/dreamina/web/jimeng/static/js/initial-vendors.fccef89a08.js:2:371841)
    at s (https://lf3-lv-buz.vlabstatic.com/obj/image-lvweb-buz/ies/dreamina/web/jimeng/static/js/initial-vendors.fccef89a08.js:2:372038)
    at https://lf3-lv-buz.vlabstatic.com/obj/image-lvweb-buz/ies/dreamina/web/jimeng/static/js/initial-vendors.fccef89a08.js:2:372097
    at new Promise (<anonymous>)
    at tV.<anonymous> (https://lf3-lv-buz.vlabstatic.com/obj/image-lvweb-buz/ies/dreamina/web/jimeng/static/js/initial-vendors.fccef89a08.js:2:371979)
    at priorityLevel (https://lf3-lv-buz.vlabstatic.com/obj/image-lvweb-buz/ies/dreamina/web/jimeng/static/js/async/4476.89a40eef65.js:1:85282)
    at n.workLoop (https://lf3-lv-buz.vlabstatic.com/obj/image-lvweb-buz/ies/dreamina/web/jimeng/static/js/byted-image.47d0e5a6b9.js:5:12041)
    at n._handleHostCallback (https://lf3-lv-buz.vlabstatic.com/obj/image-lvweb-buz/ies/dreamina/web/jimeng/static/js/byted-image.47d0e5a6b9.js:5:14895)
[    5587ms] TypeError: Cannot read properties of null (reading 'key')
    at tV.<anonymous> (https://lf3-lv-buz.vlabstatic.com/obj/image-lvweb-buz/ies/dreamina/web/jimeng/static/js/async/4476.89a40eef65.js:1:85213)
    at Generator.next (<anonymous>)
    at n (https://lf3-lv-buz.vlabstatic.com/obj/image-lvweb-buz/ies/dreamina/web/jimeng/static/js/initial-vendors.fccef89a08.js:2:371841)
    at s (https://lf3-lv-buz.vlabstatic.com/obj/image-lvweb-buz/ies/dreamina/web/jimeng/static/js/initial-vendors.fccef89a08.js:2:372038)
    at https://lf3-lv-buz.vlabstatic.com/obj/image-lvweb-buz/ies/dreamina/web/jimeng/static/js/initial-vendors.fccef89a08.js:2:372097
    at new Promise (<anonymous>)
    at tV.<anonymous> (https://lf3-lv-buz.vlabstatic.com/obj/image-lvweb-buz/ies/dreamina/web/jimeng/static/js/initial-vendors.fccef89a08.js:2:371979)
    at priorityLevel (https://lf3-lv-buz.vlabstatic.com/obj/image-lvweb-buz/ies/dreamina/web/jimeng/static/js/async/4476.89a40eef65.js:1:85282)
    at n.workLoop (https://lf3-lv-buz.vlabstatic.com/obj/image-lvweb-buz/ies/dreamina/web/jimeng/static/js/byted-image.47d0e5a6b9.js:5:12041)
    at n._handleHostCallback (https://lf3-lv-buz.vlabstatic.com/obj/image-lvweb-buz/ies/dreamina/web/jimeng/static/js/byted-image.47d0e5a6b9.js:5:14895)
[    5587ms] TypeError: Cannot read properties of null (reading 'key')
    at tV.<anonymous> (https://lf3-lv-buz.vlabstatic.com/obj/image-lvweb-buz/ies/dreamina/web/jimeng/static/js/async/4476.89a40eef65.js:1:85213)
    at Generator.next (<anonymous>)
    at n (https://lf3-lv-buz.vlabstatic.com/obj/image-lvweb-buz/ies/dreamina/web/jimeng/static/js/initial-vendors.fccef89a08.js:2:371841)
    at s (https://lf3-lv-buz.vlabstatic.com/obj/image-lvweb-buz/ies/dreamina/web/jimeng/static/js/initial-vendors.fccef89a08.js:2:372038)
    at https://lf3-lv-buz.vlabstatic.com/obj/image-lvweb-buz/ies/dreamina/web/jimeng/static/js/initial-vendors.fccef89a08.js:2:372097
    at new Promise (<anonymous>)
    at tV.<anonymous> (https://lf3-lv-buz.vlabstatic.com/obj/image-lvweb-buz/ies/dreamina/web/jimeng/static/js/initial-vendors.fccef89a08.js:2:371979)
    at priorityLevel (https://lf3-lv-buz.vlabstatic.com/obj/image-lvweb-buz/ies/dreamina/web/jimeng/static/js/async/4476.89a40eef65.js:1:85282)
    at n.workLoop (https://lf3-lv-buz.vlabstatic.com/obj/image-lvweb-buz/ies/dreamina/web/jimeng/static/js/byted-image.47d0e5a6b9.js:5:12041)
    at n._handleHostCallback (https://lf3-lv-buz.vlabstatic.com/obj/image-lvweb-buz/ies/dreamina/web/jimeng/static/js/byted-image.47d0e5a6b9.js:5:14895)
[    5587ms] TypeError: Cannot read properties of null (reading 'key')
    at tV.<anonymous> (https://lf3-lv-buz.vlabstatic.com/obj/image-lvweb-buz/ies/dreamina/web/jimeng/static/js/async/4476.89a40eef65.js:1:85213)
    at Generator.next (<anonymous>)
    at n (https://lf3-lv-buz.vlabstatic.com/obj/image-lvweb-buz/ies/dreamina/web/jimeng/static/js/initial-vendors.fccef89a08.js:2:371841)
    at s (https://lf3-lv-buz.vlabstatic.com/obj/image-lvweb-buz/ies/dreamina/web/jimeng/static/js/initial-vendors.fccef89a08.js:2:372038)
    at https://lf3-lv-buz.vlabstatic.com/obj/image-lvweb-buz/ies/dreamina/web/jimeng/static/js/initial-vendors.fccef89a08.js:2:372097
    at new Promise (<anonymous>)
    at tV.<anonymous> (https://lf3-lv-buz.vlabstatic.com/obj/image-lvweb-buz/ies/dreamina/web/jimeng/static/js/initial-vendors.fccef89a08.js:2:371979)
    at priorityLevel (https://lf3-lv-buz.vlabstatic.com/obj/image-lvweb-buz/ies/dreamina/web/jimeng/static/js/async/4476.89a40eef65.js:1:85282)
    at n.workLoop (https://lf3-lv-buz.vlabstatic.com/obj/image-lvweb-buz/ies/dreamina/web/jimeng/static/js/byted-image.47d0e5a6b9.js:5:12041)
    at n._handleHostCallback (https://lf3-lv-buz.vlabstatic.com/obj/image-lvweb-buz/ies/dreamina/web/jimeng/static/js/byted-image.47d0e5a6b9.js:5:14895)
[    5587ms] TypeError: Cannot read properties of null (reading 'key')
    at tV.<anonymous> (https://lf3-lv-buz.vlabstatic.com/obj/image-lvweb-buz/ies/dreamina/web/jimeng/static/js/async/4476.89a40eef65.js:1:85213)
    at Generator.next (<anonymous>)
    at n (https://lf3-lv-buz.vlabstatic.com/obj/image-lvweb-buz/ies/dreamina/web/jimeng/static/js/initial-vendors.fccef89a08.js:2:371841)
    at s (https://lf3-lv-buz.vlabstatic.com/obj/image-lvweb-buz/ies/dreamina/web/jimeng/static/js/initial-vendors.fccef89a08.js:2:372038)
    at https://lf3-lv-buz.vlabstatic.com/obj/image-lvweb-buz/ies/dreamina/web/jimeng/static/js/initial-vendors.fccef89a08.js:2:372097
    at new Promise (<anonymous>)
    at tV.<anonymous> (https://lf3-lv-buz.vlabstatic.com/obj/image-lvweb-buz/ies/dreamina/web/jimeng/static/js/initial-vendors.fccef89a08.js:2:371979)
    at priorityLevel (https://lf3-lv-buz.vlabstatic.com/obj/image-lvweb-buz/ies/dreamina/web/jimeng/static/js/async/4476.89a40eef65.js:1:85282)
    at n.workLoop (https://lf3-lv-buz.vlabstatic.com/obj/image-lvweb-buz/ies/dreamina/web/jimeng/static/js/byted-image.47d0e5a6b9.js:5:12041)
    at n._handleHostCallback (https://lf3-lv-buz.vlabstatic.com/obj/image-lvweb-buz/ies/dreamina/web/jimeng/static/js/byted-image.47d0e5a6b9.js:5:14895)
[    9751ms] [WARNING] The resource https://p26-dreamina-sign.byteimg.com/tos-cn-i-tb4s082cfz/bb4e418284094c109c698ab637ac1a1e~tplv-tb4s082cfz-aigc_resize_loss:720:720.webp?lk3s=4fa96020&x-expires=1782000000&x-signature=DQ8nOICjU%2BahdAP4BXBrsMe6A18%3D was preloaded using link preload but not used within a few seconds from the window's load event. Please make sure it has an appropriate `as` value and it is preloaded intentionally. @ https://jimeng.jianying.com/ai-tool/home:0
[    9751ms] [WARNING] The resource https://p9-heycan-hgt-sign.byteimg.com/tos-cn-i-31yrirwxg7/d5d3ccfd41ee4cb48ef000907114fef1~tplv-3jr8j4ixpe-resize:720:720.webp?lk3s=8e790bc3&x-expires=1811984423&x-signature=otDpmzKmjBcckMnWL2E0ZMZW%2BKk%3D was preloaded using link preload but not used within a few seconds from the window's load event. Please make sure it has an appropriate `as` value and it is preloaded intentionally. @ https://jimeng.jianying.com/ai-tool/home:0
[    9752ms] [WARNING] The resource https://lf3-lv-buz.vlabstatic.com/obj/image-lvweb-buz/ies/dreamina/web/jimeng/static/js/async/$.c03f955f91.js was preloaded using link preload but not used within a few seconds from the window's load event. Please make sure it has an appropriate `as` value and it is preloaded intentionally. @ https://jimeng.jianying.com/ai-tool/home:0
[   13777ms] [WARNING] The resource https://p26-dreamina-sign.byteimg.com/tos-cn-i-tb4s082cfz/bb4e418284094c109c698ab637ac1a1e~tplv-tb4s082cfz-aigc_resize_loss:720:720.webp?lk3s=4fa96020&x-expires=1782000000&x-signature=DQ8nOICjU%2BahdAP4BXBrsMe6A18%3D was preloaded using link preload but not used within a few seconds from the window's load event. Please make sure it has an appropriate `as` value and it is preloaded intentionally. @ https://jimeng.jianying.com/ai-tool/home:0
[   13777ms] [WARNING] The resource https://p9-heycan-hgt-sign.byteimg.com/tos-cn-i-31yrirwxg7/d5d3ccfd41ee4cb48ef000907114fef1~tplv-3jr8j4ixpe-resize:720:720.webp?lk3s=8e790bc3&x-expires=1811984423&x-signature=otDpmzKmjBcckMnWL2E0ZMZW%2BKk%3D was preloaded using link preload but not used within a few seconds from the window's load event. Please make sure it has an appropriate `as` value and it is preloaded intentionally. @ https://jimeng.jianying.com/ai-tool/home:0
[   13777ms] [WARNING] The resource https://lf3-lv-buz.vlabstatic.com/obj/image-lvweb-buz/ies/dreamina/web/jimeng/static/js/async/$.c03f955f91.js was preloaded using link preload but not used within a few seconds from the window's load event. Please make sure it has an appropriate `as` value and it is preloaded intentionally. @ https://jimeng.jianying.com/ai-tool/home:0
[   24887ms] [WARNING] The resource https://p26-dreamina-sign.byteimg.com/tos-cn-i-tb4s082cfz/bb4e418284094c109c698ab637ac1a1e~tplv-tb4s082cfz-aigc_resize_loss:720:720.webp?lk3s=4fa96020&x-expires=1782000000&x-signature=DQ8nOICjU%2BahdAP4BXBrsMe6A18%3D was preloaded using link preload but not used within a few seconds from the window's load event. Please make sure it has an appropriate `as` value and it is preloaded intentionally. @ https://jimeng.jianying.com/ai-tool/home:0
[   24887ms] [WARNING] The resource https://p9-heycan-hgt-sign.byteimg.com/tos-cn-i-31yrirwxg7/d5d3ccfd41ee4cb48ef000907114fef1~tplv-3jr8j4ixpe-resize:720:720.webp?lk3s=8e790bc3&x-expires=1811984423&x-signature=otDpmzKmjBcckMnWL2E0ZMZW%2BKk%3D was preloaded using link preload but not used within a few seconds from the window's load event. Please make sure it has an appropriate `as` value and it is preloaded intentionally. @ https://jimeng.jianying.com/ai-tool/home:0
[   24887ms] [WARNING] The resource https://lf3-lv-buz.vlabstatic.com/obj/image-lvweb-buz/ies/dreamina/web/jimeng/static/js/async/$.c03f955f91.js was preloaded using link preload but not used within a few seconds from the window's load event. Please make sure it has an appropriate `as` value and it is preloaded intentionally. @ https://jimeng.jianying.com/ai-tool/home:0
[   31199ms] [WARNING] The resource https://p26-dreamina-sign.byteimg.com/tos-cn-i-tb4s082cfz/bb4e418284094c109c698ab637ac1a1e~tplv-tb4s082cfz-aigc_resize_loss:720:720.webp?lk3s=4fa96020&x-expires=1782000000&x-signature=DQ8nOICjU%2BahdAP4BXBrsMe6A18%3D was preloaded using link preload but not used within a few seconds from the window's load event. Please make sure it has an appropriate `as` value and it is preloaded intentionally. @ https://jimeng.jianying.com/ai-tool/home:0
[   31199ms] [WARNING] The resource https://p9-heycan-hgt-sign.byteimg.com/tos-cn-i-31yrirwxg7/d5d3ccfd41ee4cb48ef000907114fef1~tplv-3jr8j4ixpe-resize:720:720.webp?lk3s=8e790bc3&x-expires=1811984423&x-signature=otDpmzKmjBcckMnWL2E0ZMZW%2BKk%3D was preloaded using link preload but not used within a few seconds from the window's load event. Please make sure it has an appropriate `as` value and it is preloaded intentionally. @ https://jimeng.jianying.com/ai-tool/home:0
[   31199ms] [WARNING] The resource https://lf3-lv-buz.vlabstatic.com/obj/image-lvweb-buz/ies/dreamina/web/jimeng/static/js/async/$.c03f955f91.js was preloaded using link preload but not used within a few seconds from the window's load event. Please make sure it has an appropriate `as` value and it is preloaded intentionally. @ https://jimeng.jianying.com/ai-tool/home:0
[   42675ms] [WARNING] The resource https://p26-dreamina-sign.byteimg.com/tos-cn-i-tb4s082cfz/bb4e418284094c109c698ab637ac1a1e~tplv-tb4s082cfz-aigc_resize_loss:720:720.webp?lk3s=4fa96020&x-expires=1782000000&x-signature=DQ8nOICjU%2BahdAP4BXBrsMe6A18%3D was preloaded using link preload but not used within a few seconds from the window's load event. Please make sure it has an appropriate `as` value and it is preloaded intentionally. @ https://jimeng.jianying.com/ai-tool/home:0
[   42675ms] [WARNING] The resource https://p9-heycan-hgt-sign.byteimg.com/tos-cn-i-31yrirwxg7/d5d3ccfd41ee4cb48ef000907114fef1~tplv-3jr8j4ixpe-resize:720:720.webp?lk3s=8e790bc3&x-expires=1811984423&x-signature=otDpmzKmjBcckMnWL2E0ZMZW%2BKk%3D was preloaded using link preload but not used within a few seconds from the window's load event. Please make sure it has an appropriate `as` value and it is preloaded intentionally. @ https://jimeng.jianying.com/ai-tool/home:0
[   42675ms] [WARNING] The resource https://lf3-lv-buz.vlabstatic.com/obj/image-lvweb-buz/ies/dreamina/web/jimeng/static/js/async/$.c03f955f91.js was preloaded using link preload but not used within a few seconds from the window's load event. Please make sure it has an appropriate `as` value and it is preloaded intentionally. @ https://jimeng.jianying.com/ai-tool/home:0
[   45837ms] [WARNING] The resource https://p26-dreamina-sign.byteimg.com/tos-cn-i-tb4s082cfz/bb4e418284094c109c698ab637ac1a1e~tplv-tb4s082cfz-aigc_resize_loss:720:720.webp?lk3s=4fa96020&x-expires=1782000000&x-signature=DQ8nOICjU%2BahdAP4BXBrsMe6A18%3D was preloaded using link preload but not used within a few seconds from the window's load event. Please make sure it has an appropriate `as` value and it is preloaded intentionally. @ https://jimeng.jianying.com/ai-tool/home:0
[   45837ms] [WARNING] The resource https://p9-heycan-hgt-sign.byteimg.com/tos-cn-i-31yrirwxg7/d5d3ccfd41ee4cb48ef000907114fef1~tplv-3jr8j4ixpe-resize:720:720.webp?lk3s=8e790bc3&x-expires=1811984423&x-signature=otDpmzKmjBcckMnWL2E0ZMZW%2BKk%3D was preloaded using link preload but not used within a few seconds from the window's load event. Please make sure it has an appropriate `as` value and it is preloaded intentionally. @ https://jimeng.jianying.com/ai-tool/home:0
[   45837ms] [WARNING] The resource https://lf3-lv-buz.vlabstatic.com/obj/image-lvweb-buz/ies/dreamina/web/jimeng/static/js/async/$.c03f955f91.js was preloaded using link preload but not used within a few seconds from the window's load event. Please make sure it has an appropriate `as` value and it is preloaded intentionally. @ https://jimeng.jianying.com/ai-tool/home:0
