[    1073ms] [INFO] %c%s line-height: 30px; color: #FF6699 bili-fe-fp: 1.1.4 @ https://s1.hdslb.com/bfs/seed/jinkela/short/user-fingerprint/bili-user-fingerprint.min.js:0
[    1183ms] [INFO] %c bili-fe-mirror %c v2.1.0  padding: 2px 6px; border-radius: 3px 0 0 3px; color: #fff; background: #FF6699; font-weight: bold; padding: 2px 6px; border-radius: 0 3px 3px 0; color: #fff; background: #FF9999; font-weight: bold; @ https://s1.hdslb.com/bfs/seed/jinkela/short/b-mirror/biliMirror.umd.mini.js:1
[    1184ms] [LOG] 白屏检测是否正常 {status: ok, loop: 0, data: Object} @ https://www.bilibili.com/video/BV1gYwtzHEmf/:4
[    2399ms] [LOG] %c
                     //
         \\         //
          \\       //
    ##DDDDDDDDDDDDDDDDDDDDDD##
    ## DDDDDDDDDDDDDDDDDDDD ##   ________   ___   ___        ___   ________   ___   ___        ___
    ## hh                hh ##   |\   __  \ |\  \ |\  \      |\  \ |\   __  \ |\  \ |\  \      |\  \
    ## hh    //    \\    hh ##   \ \  \|\ /_\ \  \\ \  \     \ \  \\ \  \|\ /_\ \  \\ \  \     \ \  \
    ## hh   //      \\   hh ##    \ \   __  \\ \  \\ \  \     \ \  \\ \   __  \\ \  \\ \  \     \ \  \
    ## hh                hh ##     \ \  \|\  \\ \  \\ \  \____ \ \  \\ \  \|\  \\ \  \\ \  \____ \ \  \
    ## hh      wwww      hh ##      \ \_______\\ \__\\ \_______\\ \__\\ \_______\\ \__\\ \_______\\ \__\
    ## hh                hh ##       \|_______| \|__| \|_______| \|__| \|_______| \|__| \|_______| \|__|
    ## MMMMMMMMMMMMMMMMMMMM ##
    ##MMMMMMMMMMMMMMMMMMMMMM##                                          Release undefined@no release yet
         \/            \/                                       Powered by @bilibili/jinkela-core@2.8.14 color:#00a1d6 @ https://s1.hdslb.com/bfs/static/jinkela/video/video.c53e6b0be0db0d5820d0c10cfd6705474507ba22.js:0
[   34142ms] [WARNING] bili comments load error undefined @ https://s1.hdslb.com/bfs/seed/jinkela/commentpc/bili-comments.b264229dca.js:92
[   34201ms] undefined
[   34291ms] [WARNING] [Mirror]: Promise拒绝错误解析失败: undefined @ https://s1.hdslb.com/bfs/seed/jinkela/short/b-mirror/biliMirror.umd.mini.js:1
[   68370ms] [WARNING] bili comments load error undefined @ https://s1.hdslb.com/bfs/seed/jinkela/commentpc/bili-comments.b264229dca.js:92
[   68418ms] Uncaught (in promise) undefined
    at n (https://s1.hdslb.com/bfs/seed/jinkela/commentpc/bili-comments.b264229dca.js:5:536)
    at l (https://s1.hdslb.com/bfs/seed/jinkela/commentpc/bili-comments.b264229dca.js:5:739)
[  119495ms] [WARNING] bili comments load error undefined @ https://s1.hdslb.com/bfs/seed/jinkela/commentpc/bili-comments.b264229dca.js:92
[  119539ms] Uncaught (in promise) undefined
    at n (https://s1.hdslb.com/bfs/seed/jinkela/commentpc/bili-comments.b264229dca.js:5:536)
    at l (https://s1.hdslb.com/bfs/seed/jinkela/commentpc/bili-comments.b264229dca.js:5:739)
[  137080ms] [WARNING] bili comments load error undefined @ https://s1.hdslb.com/bfs/seed/jinkela/commentpc/bili-comments.b264229dca.js:92
[  137127ms] Uncaught (in promise) undefined
    at n (https://s1.hdslb.com/bfs/seed/jinkela/commentpc/bili-comments.b264229dca.js:5:536)
    at l (https://s1.hdslb.com/bfs/seed/jinkela/commentpc/bili-comments.b264229dca.js:5:739)
[  161459ms] [WARNING] bili comments load error undefined @ https://s1.hdslb.com/bfs/seed/jinkela/commentpc/bili-comments.b264229dca.js:92
[  161501ms] Uncaught (in promise) undefined
    at n (https://s1.hdslb.com/bfs/seed/jinkela/commentpc/bili-comments.b264229dca.js:5:536)
    at l (https://s1.hdslb.com/bfs/seed/jinkela/commentpc/bili-comments.b264229dca.js:5:739)
