[     317ms] [LOG] %c JSHandle@node @ https://www.douyin.com/video/7647040725091241235?previous_page=app_code_link:0
[    1155ms] [ERROR] The Content Security Policy directive 'upgrade-insecure-requests' is ignored when delivered in a report-only policy. @ https://www.douyin.com/video/7647040725091241235?previous_page=app_code_link:0
[    1161ms] [LOG] init slardar @ https://www.douyin.com/video/7647040725091241235?previous_page=app_code_link:21
[    1161ms] [LOG] init slardar success @ https://www.douyin.com/video/7647040725091241235?previous_page=app_code_link:101
[    2456ms] [WARNING] [SDK] 1780566665567        0 already inited @ https://lf3-short.ibytedapm.com/slardar/fe/sdk-web/browser.cn.js?bid=douyin_web&globalName=Slardar:0
[    2495ms] [ERROR] The Content Security Policy directive 'upgrade-insecure-requests' is ignored when delivered in a report-only policy. @ https://lf-cdn-tos.bytescm.com/obj/rc-verifycenter/rmc-nocaptcha/1.0.0.22/setup.js:37
[    2503ms] [ERROR] Framing 'https://lf-rc1.yhgfb-cn-static.com/' violates the following report-only Content Security Policy directive: "frame-src 'self' *.douyin.com:* *.bytedance.net:* *.bytegecko.com:* *.yhgtb-cn-static.com:* *.bytedance.com:* *.toutiao.com:* *.toutiaopage.com:* *.jinritemai.com:* *.chengzijianzhan.com:* *.chengzijianzhan.cc:* *.chengzijianzhana.com:* *.chengzijianzhanb.com:* *.chengzijianzhan.net:* aip.chengzijianzhan.cn:* bitbrowser: blob:". The violation has been logged, but no further action has been taken.
 @ https://lf-cdn-tos.bytescm.com/:0
[    2847ms] [ERROR] Framing 'https://lf-rc1.yhgfb-cn-static.com/' violates the following report-only Content Security Policy directive: "frame-src 'self' *.douyin.com:* *.bytedance.net:* *.bytegecko.com:* *.yhgtb-cn-static.com:* *.bytedance.com:* *.toutiao.com:* *.toutiaopage.com:* *.jinritemai.com:* *.chengzijianzhan.com:* *.chengzijianzhan.cc:* *.chengzijianzhana.com:* *.chengzijianzhanb.com:* *.chengzijianzhan.net:* aip.chengzijianzhan.cn:* bitbrowser: blob:". The violation has been logged, but no further action has been taken.
 @ https://lf-cdn-tos.bytescm.com/:0
[    3239ms] [LOG] Service worker registration success @ https://www.douyin.com/video/7647040725091241235?previous_page=app_code_link:947
[    3274ms] [ERROR] The Content Security Policy directive 'upgrade-insecure-requests' is ignored when delivered in a report-only policy. @ https://lf-douyin-pc-web.douyinstatic.com/obj/douyin-pc-web/ies/douyin_web/player-0.bc9c20d7.js:1
[    3275ms] [ERROR] The Content Security Policy directive 'upgrade-insecure-requests' is ignored when delivered in a report-only policy. @ https://lf-douyin-pc-web.douyinstatic.com/obj/douyin-pc-web/ies/douyin_web/player-0.bc9c20d7.js:1
[    3279ms] [ERROR] The Content Security Policy directive 'upgrade-insecure-requests' is ignored when delivered in a report-only policy. @ https://lf-douyin-pc-web.douyinstatic.com/obj/douyin-pc-web/ies/douyin_web/player-0.bc9c20d7.js:1
[    4728ms] [WARNING] %c[xgplayer] color: #525252; background-color: yellow;  warn>>icons.[object Object] in config of plugin named [texttrack] is invalid @ https://lf-douyin-pc-web.douyinstatic.com/obj/douyin-pc-web/ies/douyin_web/20426.c9ab0294.js:1
[    4729ms] [WARNING] %c[xgplayer] color: #525252; background-color: yellow;  warn>>icons.[object Object] in config of plugin named [texttrack] is invalid @ https://lf-douyin-pc-web.douyinstatic.com/obj/douyin-pc-web/ies/douyin_web/20426.c9ab0294.js:1
[    4945ms] [ERROR] The Content Security Policy directive 'upgrade-insecure-requests' is ignored when delivered in a report-only policy. @ https://lf-douyin-pc-web.douyinstatic.com/obj/douyin-pc-web/ies/douyin_web/async/5498.ee242fbb.js:1
[    6588ms] [LOG] [ Federation Runtime ] Version 18.3.0-canary-587ae49d7-20230720 from @demo/douyin-web of shared singleton module react does not satisfy the requirement of @revenue-wallet-fe/recharge-web which needs ^18.3.1) @ https://lf3-webcast.bytetos.com/obj/webcast-new/recharge_web_vmok/vmok-remote-entry.9a192be8.js:3
[    6589ms] [LOG] [ Federation Runtime ] Version 18.3.0-canary-587ae49d7-20230720 from @demo/douyin-web of shared singleton module react-dom does not satisfy the requirement of @revenue-wallet-fe/recharge-web which needs ^18.3.1) @ https://lf3-webcast.bytetos.com/obj/webcast-new/recharge_web_vmok/vmok-remote-entry.9a192be8.js:3
[    6594ms] [WARNING] Cannot assign to read only property 'call' of object '#<Object>' @ https://lf3-webcast.bytetos.com/obj/webcast-new/recharge_web_vmok/static/js/async/__federation_expose_data.783d5811.js:1
[    6599ms] [LOG] getRechargePackages requestParams {path: /webcast/diamond/, queryParams: Object} @ https://lf3-webcast.bytetos.com/obj/webcast-new/recharge_web_vmok/static/js/async/__federation_expose_data.783d5811.js:1
[    6799ms] [LOG] [prefetch] packageData [local]:  {packages: Array(7), extra: Object} @ https://lf3-webcast.bytetos.com/obj/webcast-new/recharge_web_vmok/static/js/async/__federation_expose_data.783d5811.js:1
[    8476ms] [ERROR] The Content Security Policy directive 'upgrade-insecure-requests' is ignored when delivered in a report-only policy. @ https://lf-douyin-pc-web.douyinstatic.com/obj/douyin-pc-web/ies/douyin_web/async/81708.2d357fed.js:1
[    8557ms] [ERROR] Failed to launch 'bitbrowser://cc/' because the scheme does not have a registered handler. @ https://www.douyin.com/video/7647040725091241235:0
[    8938ms] [ERROR] The Content Security Policy directive 'upgrade-insecure-requests' is ignored when delivered in a report-only policy. @ https://lf-douyin-pc-web.douyinstatic.com/obj/douyin-pc-web/ies/douyin_web/async/81708.2d357fed.js:1
[    8939ms] [ERROR] The Content Security Policy directive 'upgrade-insecure-requests' is ignored when delivered in a report-only policy. @ https://lf-douyin-pc-web.douyinstatic.com/obj/douyin-pc-web/ies/douyin_web/async/81708.2d357fed.js:1
[    8942ms] [ERROR] The Content Security Policy directive 'upgrade-insecure-requests' is ignored when delivered in a report-only policy. @ https://lf-douyin-pc-web.douyinstatic.com/obj/douyin-pc-web/ies/douyin_web/async/81708.2d357fed.js:1
[    9331ms] [ERROR] The Content Security Policy directive 'upgrade-insecure-requests' is ignored when delivered in a report-only policy. @ :2
[    9332ms] [ERROR] The Content Security Policy directive 'upgrade-insecure-requests' is ignored when delivered in a report-only policy. @ :2
[    9336ms] [ERROR] The Content Security Policy directive 'upgrade-insecure-requests' is ignored when delivered in a report-only policy. @ :2
[    9452ms] [LOG] [c0] @ :2
[   13910ms] [ERROR] The Content Security Policy directive 'upgrade-insecure-requests' is ignored when delivered in a report-only policy. @ https://lf-douyin-pc-web.douyinstatic.com/obj/douyin-pc-web/ies/douyin_web/62176.c9c9b3f7.js:1
[   13911ms] [ERROR] The Content Security Policy directive 'upgrade-insecure-requests' is ignored when delivered in a report-only policy. @ https://lf-douyin-pc-web.douyinstatic.com/obj/douyin-pc-web/ies/douyin_web/62176.c9c9b3f7.js:1
[   13917ms] [ERROR] The Content Security Policy directive 'upgrade-insecure-requests' is ignored when delivered in a report-only policy. @ https://lf-douyin-pc-web.douyinstatic.com/obj/douyin-pc-web/ies/douyin_web/62176.c9c9b3f7.js:1
