[     904ms] [ERROR] The Content Security Policy directive 'upgrade-insecure-requests' is ignored when delivered in a report-only policy. @ https://jimeng.jianying.com/ai-tool/home:0
[    1922ms] [LOG] [fmp] hit element: JSHandle@node @ https://lf3-lv-buz.vlabstatic.com/obj/image-lvweb-buz/ies/dreamina/web/jimeng/static/sidecode/fmp.e06bd0f74b.js:1
[    1923ms] [LOG] [ccfmp] success: 1430.3400000035763 #ssr-waterfall-feed>div.container-LjAeCU>div.masonry-layout-_dZb6m.masonry-layout>div.masonry-layout-scroll-content-K5a0PK>div.masonry-layout-item-Fz9dDk.masonry-layout-item>div.container-jC6vSL>div.container-w9K_21>img.image-D0NE87 @ https://lf3-lv-buz.vlabstatic.com/obj/image-lvweb-buz/ies/dreamina/web/jimeng/static/sidecode/fmp.e06bd0f74b.js:1
[    1925ms] [LOG] [ccfmp] success: 1445.5050000026822 #ssr-waterfall-feed>div.container-LjAeCU>div.masonry-layout-_dZb6m.masonry-layout>div.masonry-layout-scroll-content-K5a0PK>div.masonry-layout-item-Fz9dDk.masonry-layout-item>div.container-DqDS7y>div.container-w9K_21>img.image-D0NE87 @ https://lf3-lv-buz.vlabstatic.com/obj/image-lvweb-buz/ies/dreamina/web/jimeng/static/sidecode/fmp.e06bd0f74b.js:1
[    2355ms] [LOG] [options] {commonOptions: Object, captchaOptions: Object, secondVerifyWebOptions: undefined} @ https://lf3-lv-buz.vlabstatic.com/obj/image-lvweb-buz/ies/dreamina/web/jimeng/static/js/async/lib-account-api.b9d23cf5ff.js:1
[    2362ms] [LOG] [fpStr] ===> verify_mpwimisk_dohXiUF9_THvc_42sw_AgLV_1mcnLcTnDBcW @ https://lf3-lv-buz.vlabstatic.com/obj/image-lvweb-buz/ies/dreamina/web/jimeng/static/js/async/lib-account-api.b9d23cf5ff.js:1
[    4193ms] [ERROR] The Content Security Policy directive 'upgrade-insecure-requests' is ignored when delivered in a report-only policy. @ https://lf3-lv-buz.vlabstatic.com/obj/image-lvweb-buz/ies/dreamina/web/jimeng/static/sidecode/headScript.2394b96f78.js:1
[    4194ms] [ERROR] The Content Security Policy directive 'upgrade-insecure-requests' is ignored when delivered in a report-only policy. @ https://lf3-lv-buz.vlabstatic.com/obj/image-lvweb-buz/ies/dreamina/web/jimeng/static/sidecode/headScript.2394b96f78.js:1
[    4198ms] [ERROR] The Content Security Policy directive 'upgrade-insecure-requests' is ignored when delivered in a report-only policy. @ https://lf3-lv-buz.vlabstatic.com/obj/image-lvweb-buz/ies/dreamina/web/jimeng/static/sidecode/headScript.2394b96f78.js:1
[    5392ms] [ERROR] The Content Security Policy directive 'upgrade-insecure-requests' is ignored when delivered in a report-only policy. @ https://lf3-lv-buz.vlabstatic.com/obj/image-lvweb-buz/ies/dreamina/web/jimeng/static/sidecode/headScript.2394b96f78.js:1
[    6689ms] TypeError: Cannot read properties of null (reading 'key')
    at tz.<anonymous> (https://lf3-lv-buz.vlabstatic.com/obj/image-lvweb-buz/ies/dreamina/web/jimeng/static/js/async/4476.89a40eef65.js:1:87070)
    at Generator.next (<anonymous>)
    at n (https://lf3-lv-buz.vlabstatic.com/obj/image-lvweb-buz/ies/dreamina/web/jimeng/static/js/initial-vendors.fccef89a08.js:2:371841)
    at s (https://lf3-lv-buz.vlabstatic.com/obj/image-lvweb-buz/ies/dreamina/web/jimeng/static/js/initial-vendors.fccef89a08.js:2:372038)
    at https://lf3-lv-buz.vlabstatic.com/obj/image-lvweb-buz/ies/dreamina/web/jimeng/static/js/initial-vendors.fccef89a08.js:2:372097
    at new Promise (<anonymous>)
    at tz.<anonymous> (https://lf3-lv-buz.vlabstatic.com/obj/image-lvweb-buz/ies/dreamina/web/jimeng/static/js/initial-vendors.fccef89a08.js:2:371979)
    at priorityLevel (https://lf3-lv-buz.vlabstatic.com/obj/image-lvweb-buz/ies/dreamina/web/jimeng/static/js/async/4476.89a40eef65.js:1:87139)
    at n.workLoop (https://lf3-lv-buz.vlabstatic.com/obj/image-lvweb-buz/ies/dreamina/web/jimeng/static/js/byted-image.47d0e5a6b9.js:5:12041)
    at n._handleHostCallback (https://lf3-lv-buz.vlabstatic.com/obj/image-lvweb-buz/ies/dreamina/web/jimeng/static/js/byted-image.47d0e5a6b9.js:5:14895)
[    6690ms] TypeError: Cannot read properties of null (reading 'key')
    at tz.<anonymous> (https://lf3-lv-buz.vlabstatic.com/obj/image-lvweb-buz/ies/dreamina/web/jimeng/static/js/async/4476.89a40eef65.js:1:87070)
    at Generator.next (<anonymous>)
    at n (https://lf3-lv-buz.vlabstatic.com/obj/image-lvweb-buz/ies/dreamina/web/jimeng/static/js/initial-vendors.fccef89a08.js:2:371841)
    at s (https://lf3-lv-buz.vlabstatic.com/obj/image-lvweb-buz/ies/dreamina/web/jimeng/static/js/initial-vendors.fccef89a08.js:2:372038)
    at https://lf3-lv-buz.vlabstatic.com/obj/image-lvweb-buz/ies/dreamina/web/jimeng/static/js/initial-vendors.fccef89a08.js:2:372097
    at new Promise (<anonymous>)
    at tz.<anonymous> (https://lf3-lv-buz.vlabstatic.com/obj/image-lvweb-buz/ies/dreamina/web/jimeng/static/js/initial-vendors.fccef89a08.js:2:371979)
    at priorityLevel (https://lf3-lv-buz.vlabstatic.com/obj/image-lvweb-buz/ies/dreamina/web/jimeng/static/js/async/4476.89a40eef65.js:1:87139)
    at n.workLoop (https://lf3-lv-buz.vlabstatic.com/obj/image-lvweb-buz/ies/dreamina/web/jimeng/static/js/byted-image.47d0e5a6b9.js:5:12041)
    at n._handleHostCallback (https://lf3-lv-buz.vlabstatic.com/obj/image-lvweb-buz/ies/dreamina/web/jimeng/static/js/byted-image.47d0e5a6b9.js:5:14895)
[    7170ms] TypeError: Cannot read properties of null (reading 'key')
    at tV.<anonymous> (https://lf3-lv-buz.vlabstatic.com/obj/image-lvweb-buz/ies/dreamina/web/jimeng/static/js/async/4476.89a40eef65.js:1:85213)
    at Generator.next (<anonymous>)
    at n (https://lf3-lv-buz.vlabstatic.com/obj/image-lvweb-buz/ies/dreamina/web/jimeng/static/js/initial-vendors.fccef89a08.js:2:371841)
    at s (https://lf3-lv-buz.vlabstatic.com/obj/image-lvweb-buz/ies/dreamina/web/jimeng/static/js/initial-vendors.fccef89a08.js:2:372038)
    at https://lf3-lv-buz.vlabstatic.com/obj/image-lvweb-buz/ies/dreamina/web/jimeng/static/js/initial-vendors.fccef89a08.js:2:372097
    at new Promise (<anonymous>)
    at tV.<anonymous> (https://lf3-lv-buz.vlabstatic.com/obj/image-lvweb-buz/ies/dreamina/web/jimeng/static/js/initial-vendors.fccef89a08.js:2:371979)
    at priorityLevel (https://lf3-lv-buz.vlabstatic.com/obj/image-lvweb-buz/ies/dreamina/web/jimeng/static/js/async/4476.89a40eef65.js:1:85282)
    at n.workLoop (https://lf3-lv-buz.vlabstatic.com/obj/image-lvweb-buz/ies/dreamina/web/jimeng/static/js/byted-image.47d0e5a6b9.js:5:12041)
    at n._handleHostCallback (https://lf3-lv-buz.vlabstatic.com/obj/image-lvweb-buz/ies/dreamina/web/jimeng/static/js/byted-image.47d0e5a6b9.js:5:14895)
[    7170ms] TypeError: Cannot read properties of null (reading 'key')
    at tV.<anonymous> (https://lf3-lv-buz.vlabstatic.com/obj/image-lvweb-buz/ies/dreamina/web/jimeng/static/js/async/4476.89a40eef65.js:1:85213)
    at Generator.next (<anonymous>)
    at n (https://lf3-lv-buz.vlabstatic.com/obj/image-lvweb-buz/ies/dreamina/web/jimeng/static/js/initial-vendors.fccef89a08.js:2:371841)
    at s (https://lf3-lv-buz.vlabstatic.com/obj/image-lvweb-buz/ies/dreamina/web/jimeng/static/js/initial-vendors.fccef89a08.js:2:372038)
    at https://lf3-lv-buz.vlabstatic.com/obj/image-lvweb-buz/ies/dreamina/web/jimeng/static/js/initial-vendors.fccef89a08.js:2:372097
    at new Promise (<anonymous>)
    at tV.<anonymous> (https://lf3-lv-buz.vlabstatic.com/obj/image-lvweb-buz/ies/dreamina/web/jimeng/static/js/initial-vendors.fccef89a08.js:2:371979)
    at priorityLevel (https://lf3-lv-buz.vlabstatic.com/obj/image-lvweb-buz/ies/dreamina/web/jimeng/static/js/async/4476.89a40eef65.js:1:85282)
    at n.workLoop (https://lf3-lv-buz.vlabstatic.com/obj/image-lvweb-buz/ies/dreamina/web/jimeng/static/js/byted-image.47d0e5a6b9.js:5:12041)
    at n._handleHostCallback (https://lf3-lv-buz.vlabstatic.com/obj/image-lvweb-buz/ies/dreamina/web/jimeng/static/js/byted-image.47d0e5a6b9.js:5:14895)
[    7170ms] TypeError: Cannot read properties of null (reading 'key')
    at tV.<anonymous> (https://lf3-lv-buz.vlabstatic.com/obj/image-lvweb-buz/ies/dreamina/web/jimeng/static/js/async/4476.89a40eef65.js:1:85213)
    at Generator.next (<anonymous>)
    at n (https://lf3-lv-buz.vlabstatic.com/obj/image-lvweb-buz/ies/dreamina/web/jimeng/static/js/initial-vendors.fccef89a08.js:2:371841)
    at s (https://lf3-lv-buz.vlabstatic.com/obj/image-lvweb-buz/ies/dreamina/web/jimeng/static/js/initial-vendors.fccef89a08.js:2:372038)
    at https://lf3-lv-buz.vlabstatic.com/obj/image-lvweb-buz/ies/dreamina/web/jimeng/static/js/initial-vendors.fccef89a08.js:2:372097
    at new Promise (<anonymous>)
    at tV.<anonymous> (https://lf3-lv-buz.vlabstatic.com/obj/image-lvweb-buz/ies/dreamina/web/jimeng/static/js/initial-vendors.fccef89a08.js:2:371979)
    at priorityLevel (https://lf3-lv-buz.vlabstatic.com/obj/image-lvweb-buz/ies/dreamina/web/jimeng/static/js/async/4476.89a40eef65.js:1:85282)
    at n.workLoop (https://lf3-lv-buz.vlabstatic.com/obj/image-lvweb-buz/ies/dreamina/web/jimeng/static/js/byted-image.47d0e5a6b9.js:5:12041)
    at n._handleHostCallback (https://lf3-lv-buz.vlabstatic.com/obj/image-lvweb-buz/ies/dreamina/web/jimeng/static/js/byted-image.47d0e5a6b9.js:5:14895)
[    7171ms] TypeError: Cannot read properties of null (reading 'key')
    at tV.<anonymous> (https://lf3-lv-buz.vlabstatic.com/obj/image-lvweb-buz/ies/dreamina/web/jimeng/static/js/async/4476.89a40eef65.js:1:85213)
    at Generator.next (<anonymous>)
    at n (https://lf3-lv-buz.vlabstatic.com/obj/image-lvweb-buz/ies/dreamina/web/jimeng/static/js/initial-vendors.fccef89a08.js:2:371841)
    at s (https://lf3-lv-buz.vlabstatic.com/obj/image-lvweb-buz/ies/dreamina/web/jimeng/static/js/initial-vendors.fccef89a08.js:2:372038)
    at https://lf3-lv-buz.vlabstatic.com/obj/image-lvweb-buz/ies/dreamina/web/jimeng/static/js/initial-vendors.fccef89a08.js:2:372097
    at new Promise (<anonymous>)
    at tV.<anonymous> (https://lf3-lv-buz.vlabstatic.com/obj/image-lvweb-buz/ies/dreamina/web/jimeng/static/js/initial-vendors.fccef89a08.js:2:371979)
    at priorityLevel (https://lf3-lv-buz.vlabstatic.com/obj/image-lvweb-buz/ies/dreamina/web/jimeng/static/js/async/4476.89a40eef65.js:1:85282)
    at n.workLoop (https://lf3-lv-buz.vlabstatic.com/obj/image-lvweb-buz/ies/dreamina/web/jimeng/static/js/byted-image.47d0e5a6b9.js:5:12041)
    at n._handleHostCallback (https://lf3-lv-buz.vlabstatic.com/obj/image-lvweb-buz/ies/dreamina/web/jimeng/static/js/byted-image.47d0e5a6b9.js:5:14895)
[    7171ms] TypeError: Cannot read properties of null (reading 'key')
    at tV.<anonymous> (https://lf3-lv-buz.vlabstatic.com/obj/image-lvweb-buz/ies/dreamina/web/jimeng/static/js/async/4476.89a40eef65.js:1:85213)
    at Generator.next (<anonymous>)
    at n (https://lf3-lv-buz.vlabstatic.com/obj/image-lvweb-buz/ies/dreamina/web/jimeng/static/js/initial-vendors.fccef89a08.js:2:371841)
    at s (https://lf3-lv-buz.vlabstatic.com/obj/image-lvweb-buz/ies/dreamina/web/jimeng/static/js/initial-vendors.fccef89a08.js:2:372038)
    at https://lf3-lv-buz.vlabstatic.com/obj/image-lvweb-buz/ies/dreamina/web/jimeng/static/js/initial-vendors.fccef89a08.js:2:372097
    at new Promise (<anonymous>)
    at tV.<anonymous> (https://lf3-lv-buz.vlabstatic.com/obj/image-lvweb-buz/ies/dreamina/web/jimeng/static/js/initial-vendors.fccef89a08.js:2:371979)
    at priorityLevel (https://lf3-lv-buz.vlabstatic.com/obj/image-lvweb-buz/ies/dreamina/web/jimeng/static/js/async/4476.89a40eef65.js:1:85282)
    at n.workLoop (https://lf3-lv-buz.vlabstatic.com/obj/image-lvweb-buz/ies/dreamina/web/jimeng/static/js/byted-image.47d0e5a6b9.js:5:12041)
    at n._handleHostCallback (https://lf3-lv-buz.vlabstatic.com/obj/image-lvweb-buz/ies/dreamina/web/jimeng/static/js/byted-image.47d0e5a6b9.js:5:14895)
[    7171ms] TypeError: Cannot read properties of null (reading 'key')
    at tV.<anonymous> (https://lf3-lv-buz.vlabstatic.com/obj/image-lvweb-buz/ies/dreamina/web/jimeng/static/js/async/4476.89a40eef65.js:1:85213)
    at Generator.next (<anonymous>)
    at n (https://lf3-lv-buz.vlabstatic.com/obj/image-lvweb-buz/ies/dreamina/web/jimeng/static/js/initial-vendors.fccef89a08.js:2:371841)
    at s (https://lf3-lv-buz.vlabstatic.com/obj/image-lvweb-buz/ies/dreamina/web/jimeng/static/js/initial-vendors.fccef89a08.js:2:372038)
    at https://lf3-lv-buz.vlabstatic.com/obj/image-lvweb-buz/ies/dreamina/web/jimeng/static/js/initial-vendors.fccef89a08.js:2:372097
    at new Promise (<anonymous>)
    at tV.<anonymous> (https://lf3-lv-buz.vlabstatic.com/obj/image-lvweb-buz/ies/dreamina/web/jimeng/static/js/initial-vendors.fccef89a08.js:2:371979)
    at priorityLevel (https://lf3-lv-buz.vlabstatic.com/obj/image-lvweb-buz/ies/dreamina/web/jimeng/static/js/async/4476.89a40eef65.js:1:85282)
    at n.workLoop (https://lf3-lv-buz.vlabstatic.com/obj/image-lvweb-buz/ies/dreamina/web/jimeng/static/js/byted-image.47d0e5a6b9.js:5:12041)
    at n._handleHostCallback (https://lf3-lv-buz.vlabstatic.com/obj/image-lvweb-buz/ies/dreamina/web/jimeng/static/js/byted-image.47d0e5a6b9.js:5:14895)
[   10183ms] [WARNING] The resource https://p11-dreamina-sign.byteimg.com/tos-cn-i-tb4s082cfz/bb4e418284094c109c698ab637ac1a1e~tplv-tb4s082cfz-aigc_resize_loss:720:720.webp?lk3s=4fa96020&x-expires=1782000000&x-signature=rBU8Ci8gyThDCaUJ4Okglr7yGvI%3D was preloaded using link preload but not used within a few seconds from the window's load event. Please make sure it has an appropriate `as` value and it is preloaded intentionally. @ https://jimeng.jianying.com/ai-tool/home:0
[   10183ms] [WARNING] The resource https://p6-heycan-hgt-sign.byteimg.com/tos-cn-i-31yrirwxg7/d5d3ccfd41ee4cb48ef000907114fef1~tplv-3jr8j4ixpe-resize:720:720.webp?lk3s=8e790bc3&x-expires=1811933368&x-signature=mMqAJqKQvgQxEMdYSrc1l9GOHxM%3D was preloaded using link preload but not used within a few seconds from the window's load event. Please make sure it has an appropriate `as` value and it is preloaded intentionally. @ https://jimeng.jianying.com/ai-tool/home:0
[   10183ms] [WARNING] The resource https://lf3-lv-buz.vlabstatic.com/obj/image-lvweb-buz/ies/dreamina/web/jimeng/static/js/async/$.c03f955f91.js was preloaded using link preload but not used within a few seconds from the window's load event. Please make sure it has an appropriate `as` value and it is preloaded intentionally. @ https://jimeng.jianying.com/ai-tool/home:0
[   14944ms] [WARNING] The resource https://p11-dreamina-sign.byteimg.com/tos-cn-i-tb4s082cfz/bb4e418284094c109c698ab637ac1a1e~tplv-tb4s082cfz-aigc_resize_loss:720:720.webp?lk3s=4fa96020&x-expires=1782000000&x-signature=rBU8Ci8gyThDCaUJ4Okglr7yGvI%3D was preloaded using link preload but not used within a few seconds from the window's load event. Please make sure it has an appropriate `as` value and it is preloaded intentionally. @ https://jimeng.jianying.com/ai-tool/home:0
[   14944ms] [WARNING] The resource https://p6-heycan-hgt-sign.byteimg.com/tos-cn-i-31yrirwxg7/d5d3ccfd41ee4cb48ef000907114fef1~tplv-3jr8j4ixpe-resize:720:720.webp?lk3s=8e790bc3&x-expires=1811933368&x-signature=mMqAJqKQvgQxEMdYSrc1l9GOHxM%3D was preloaded using link preload but not used within a few seconds from the window's load event. Please make sure it has an appropriate `as` value and it is preloaded intentionally. @ https://jimeng.jianying.com/ai-tool/home:0
[   14944ms] [WARNING] The resource https://lf3-lv-buz.vlabstatic.com/obj/image-lvweb-buz/ies/dreamina/web/jimeng/static/js/async/$.c03f955f91.js was preloaded using link preload but not used within a few seconds from the window's load event. Please make sure it has an appropriate `as` value and it is preloaded intentionally. @ https://jimeng.jianying.com/ai-tool/home:0
[   45158ms] [WARNING] The resource https://p11-dreamina-sign.byteimg.com/tos-cn-i-tb4s082cfz/bb4e418284094c109c698ab637ac1a1e~tplv-tb4s082cfz-aigc_resize_loss:720:720.webp?lk3s=4fa96020&x-expires=1782000000&x-signature=rBU8Ci8gyThDCaUJ4Okglr7yGvI%3D was preloaded using link preload but not used within a few seconds from the window's load event. Please make sure it has an appropriate `as` value and it is preloaded intentionally. @ https://jimeng.jianying.com/ai-tool/home:0
[   45158ms] [WARNING] The resource https://p6-heycan-hgt-sign.byteimg.com/tos-cn-i-31yrirwxg7/d5d3ccfd41ee4cb48ef000907114fef1~tplv-3jr8j4ixpe-resize:720:720.webp?lk3s=8e790bc3&x-expires=1811933368&x-signature=mMqAJqKQvgQxEMdYSrc1l9GOHxM%3D was preloaded using link preload but not used within a few seconds from the window's load event. Please make sure it has an appropriate `as` value and it is preloaded intentionally. @ https://jimeng.jianying.com/ai-tool/home:0
[   45158ms] [WARNING] The resource https://lf3-lv-buz.vlabstatic.com/obj/image-lvweb-buz/ies/dreamina/web/jimeng/static/js/async/$.c03f955f91.js was preloaded using link preload but not used within a few seconds from the window's load event. Please make sure it has an appropriate `as` value and it is preloaded intentionally. @ https://jimeng.jianying.com/ai-tool/home:0
[   70803ms] [WARNING] The resource https://p11-dreamina-sign.byteimg.com/tos-cn-i-tb4s082cfz/bb4e418284094c109c698ab637ac1a1e~tplv-tb4s082cfz-aigc_resize_loss:720:720.webp?lk3s=4fa96020&x-expires=1782000000&x-signature=rBU8Ci8gyThDCaUJ4Okglr7yGvI%3D was preloaded using link preload but not used within a few seconds from the window's load event. Please make sure it has an appropriate `as` value and it is preloaded intentionally. @ https://jimeng.jianying.com/ai-tool/home:0
[   70804ms] [WARNING] The resource https://p6-heycan-hgt-sign.byteimg.com/tos-cn-i-31yrirwxg7/d5d3ccfd41ee4cb48ef000907114fef1~tplv-3jr8j4ixpe-resize:720:720.webp?lk3s=8e790bc3&x-expires=1811933368&x-signature=mMqAJqKQvgQxEMdYSrc1l9GOHxM%3D was preloaded using link preload but not used within a few seconds from the window's load event. Please make sure it has an appropriate `as` value and it is preloaded intentionally. @ https://jimeng.jianying.com/ai-tool/home:0
[   70804ms] [WARNING] The resource https://lf3-lv-buz.vlabstatic.com/obj/image-lvweb-buz/ies/dreamina/web/jimeng/static/js/async/$.c03f955f91.js was preloaded using link preload but not used within a few seconds from the window's load event. Please make sure it has an appropriate `as` value and it is preloaded intentionally. @ https://jimeng.jianying.com/ai-tool/home:0
[   73808ms] [WARNING] The resource https://p11-dreamina-sign.byteimg.com/tos-cn-i-tb4s082cfz/bb4e418284094c109c698ab637ac1a1e~tplv-tb4s082cfz-aigc_resize_loss:720:720.webp?lk3s=4fa96020&x-expires=1782000000&x-signature=rBU8Ci8gyThDCaUJ4Okglr7yGvI%3D was preloaded using link preload but not used within a few seconds from the window's load event. Please make sure it has an appropriate `as` value and it is preloaded intentionally. @ https://jimeng.jianying.com/ai-tool/home:0
[   73808ms] [WARNING] The resource https://p6-heycan-hgt-sign.byteimg.com/tos-cn-i-31yrirwxg7/d5d3ccfd41ee4cb48ef000907114fef1~tplv-3jr8j4ixpe-resize:720:720.webp?lk3s=8e790bc3&x-expires=1811933368&x-signature=mMqAJqKQvgQxEMdYSrc1l9GOHxM%3D was preloaded using link preload but not used within a few seconds from the window's load event. Please make sure it has an appropriate `as` value and it is preloaded intentionally. @ https://jimeng.jianying.com/ai-tool/home:0
[   73808ms] [WARNING] The resource https://lf3-lv-buz.vlabstatic.com/obj/image-lvweb-buz/ies/dreamina/web/jimeng/static/js/async/$.c03f955f91.js was preloaded using link preload but not used within a few seconds from the window's load event. Please make sure it has an appropriate `as` value and it is preloaded intentionally. @ https://jimeng.jianying.com/ai-tool/home:0
[   86119ms] [WARNING] The resource https://p11-dreamina-sign.byteimg.com/tos-cn-i-tb4s082cfz/bb4e418284094c109c698ab637ac1a1e~tplv-tb4s082cfz-aigc_resize_loss:720:720.webp?lk3s=4fa96020&x-expires=1782000000&x-signature=rBU8Ci8gyThDCaUJ4Okglr7yGvI%3D was preloaded using link preload but not used within a few seconds from the window's load event. Please make sure it has an appropriate `as` value and it is preloaded intentionally. @ https://jimeng.jianying.com/ai-tool/home:0
[   86119ms] [WARNING] The resource https://p6-heycan-hgt-sign.byteimg.com/tos-cn-i-31yrirwxg7/d5d3ccfd41ee4cb48ef000907114fef1~tplv-3jr8j4ixpe-resize:720:720.webp?lk3s=8e790bc3&x-expires=1811933368&x-signature=mMqAJqKQvgQxEMdYSrc1l9GOHxM%3D was preloaded using link preload but not used within a few seconds from the window's load event. Please make sure it has an appropriate `as` value and it is preloaded intentionally. @ https://jimeng.jianying.com/ai-tool/home:0
[   86119ms] [WARNING] The resource https://lf3-lv-buz.vlabstatic.com/obj/image-lvweb-buz/ies/dreamina/web/jimeng/static/js/async/$.c03f955f91.js was preloaded using link preload but not used within a few seconds from the window's load event. Please make sure it has an appropriate `as` value and it is preloaded intentionally. @ https://jimeng.jianying.com/ai-tool/home:0
[   93167ms] [WARNING] The resource https://p11-dreamina-sign.byteimg.com/tos-cn-i-tb4s082cfz/bb4e418284094c109c698ab637ac1a1e~tplv-tb4s082cfz-aigc_resize_loss:720:720.webp?lk3s=4fa96020&x-expires=1782000000&x-signature=rBU8Ci8gyThDCaUJ4Okglr7yGvI%3D was preloaded using link preload but not used within a few seconds from the window's load event. Please make sure it has an appropriate `as` value and it is preloaded intentionally. @ https://jimeng.jianying.com/ai-tool/home:0
[   93167ms] [WARNING] The resource https://p6-heycan-hgt-sign.byteimg.com/tos-cn-i-31yrirwxg7/d5d3ccfd41ee4cb48ef000907114fef1~tplv-3jr8j4ixpe-resize:720:720.webp?lk3s=8e790bc3&x-expires=1811933368&x-signature=mMqAJqKQvgQxEMdYSrc1l9GOHxM%3D was preloaded using link preload but not used within a few seconds from the window's load event. Please make sure it has an appropriate `as` value and it is preloaded intentionally. @ https://jimeng.jianying.com/ai-tool/home:0
[   93167ms] [WARNING] The resource https://lf3-lv-buz.vlabstatic.com/obj/image-lvweb-buz/ies/dreamina/web/jimeng/static/js/async/$.c03f955f91.js was preloaded using link preload but not used within a few seconds from the window's load event. Please make sure it has an appropriate `as` value and it is preloaded intentionally. @ https://jimeng.jianying.com/ai-tool/home:0
[  103165ms] [WARNING] The resource https://p11-dreamina-sign.byteimg.com/tos-cn-i-tb4s082cfz/bb4e418284094c109c698ab637ac1a1e~tplv-tb4s082cfz-aigc_resize_loss:720:720.webp?lk3s=4fa96020&x-expires=1782000000&x-signature=rBU8Ci8gyThDCaUJ4Okglr7yGvI%3D was preloaded using link preload but not used within a few seconds from the window's load event. Please make sure it has an appropriate `as` value and it is preloaded intentionally. @ https://jimeng.jianying.com/ai-tool/home:0
[  103165ms] [WARNING] The resource https://p6-heycan-hgt-sign.byteimg.com/tos-cn-i-31yrirwxg7/d5d3ccfd41ee4cb48ef000907114fef1~tplv-3jr8j4ixpe-resize:720:720.webp?lk3s=8e790bc3&x-expires=1811933368&x-signature=mMqAJqKQvgQxEMdYSrc1l9GOHxM%3D was preloaded using link preload but not used within a few seconds from the window's load event. Please make sure it has an appropriate `as` value and it is preloaded intentionally. @ https://jimeng.jianying.com/ai-tool/home:0
[  103165ms] [WARNING] The resource https://lf3-lv-buz.vlabstatic.com/obj/image-lvweb-buz/ies/dreamina/web/jimeng/static/js/async/$.c03f955f91.js was preloaded using link preload but not used within a few seconds from the window's load event. Please make sure it has an appropriate `as` value and it is preloaded intentionally. @ https://jimeng.jianying.com/ai-tool/home:0
[  165308ms] [ERROR] The Content Security Policy directive 'upgrade-insecure-requests' is ignored when delivered in a report-only policy. @ https://lf3-lv-buz.vlabstatic.com/obj/image-lvweb-buz/ies/dreamina/web/jimeng/static/sidecode/headScript.2394b96f78.js:1
[  165308ms] [ERROR] The Content Security Policy directive 'upgrade-insecure-requests' is ignored when delivered in a report-only policy. @ https://lf3-lv-buz.vlabstatic.com/obj/image-lvweb-buz/ies/dreamina/web/jimeng/static/sidecode/headScript.2394b96f78.js:1
[  166387ms] [ERROR] The Content Security Policy directive 'upgrade-insecure-requests' is ignored when delivered in a report-only policy. @ https://lf3-lv-buz.vlabstatic.com/obj/image-lvweb-buz/ies/dreamina/web/jimeng/static/sidecode/headScript.2394b96f78.js:1
[  166388ms] [ERROR] The Content Security Policy directive 'upgrade-insecure-requests' is ignored when delivered in a report-only policy. @ https://lf3-lv-buz.vlabstatic.com/obj/image-lvweb-buz/ies/dreamina/web/jimeng/static/sidecode/headScript.2394b96f78.js:1
[  170183ms] [WARNING] The resource https://p11-dreamina-sign.byteimg.com/tos-cn-i-tb4s082cfz/bb4e418284094c109c698ab637ac1a1e~tplv-tb4s082cfz-aigc_resize_loss:720:720.webp?lk3s=4fa96020&x-expires=1782000000&x-signature=rBU8Ci8gyThDCaUJ4Okglr7yGvI%3D was preloaded using link preload but not used within a few seconds from the window's load event. Please make sure it has an appropriate `as` value and it is preloaded intentionally. @ https://jimeng.jianying.com/ai-tool/home:0
[  170183ms] [WARNING] The resource https://p6-heycan-hgt-sign.byteimg.com/tos-cn-i-31yrirwxg7/d5d3ccfd41ee4cb48ef000907114fef1~tplv-3jr8j4ixpe-resize:720:720.webp?lk3s=8e790bc3&x-expires=1811933368&x-signature=mMqAJqKQvgQxEMdYSrc1l9GOHxM%3D was preloaded using link preload but not used within a few seconds from the window's load event. Please make sure it has an appropriate `as` value and it is preloaded intentionally. @ https://jimeng.jianying.com/ai-tool/home:0
[  170183ms] [WARNING] The resource https://lf3-lv-buz.vlabstatic.com/obj/image-lvweb-buz/ies/dreamina/web/jimeng/static/js/async/$.c03f955f91.js was preloaded using link preload but not used within a few seconds from the window's load event. Please make sure it has an appropriate `as` value and it is preloaded intentionally. @ https://jimeng.jianying.com/ai-tool/home:0
[  175488ms] [WARNING] The resource https://p11-dreamina-sign.byteimg.com/tos-cn-i-tb4s082cfz/bb4e418284094c109c698ab637ac1a1e~tplv-tb4s082cfz-aigc_resize_loss:720:720.webp?lk3s=4fa96020&x-expires=1782000000&x-signature=rBU8Ci8gyThDCaUJ4Okglr7yGvI%3D was preloaded using link preload but not used within a few seconds from the window's load event. Please make sure it has an appropriate `as` value and it is preloaded intentionally. @ https://jimeng.jianying.com/ai-tool/home:0
[  175488ms] [WARNING] The resource https://p6-heycan-hgt-sign.byteimg.com/tos-cn-i-31yrirwxg7/d5d3ccfd41ee4cb48ef000907114fef1~tplv-3jr8j4ixpe-resize:720:720.webp?lk3s=8e790bc3&x-expires=1811933368&x-signature=mMqAJqKQvgQxEMdYSrc1l9GOHxM%3D was preloaded using link preload but not used within a few seconds from the window's load event. Please make sure it has an appropriate `as` value and it is preloaded intentionally. @ https://jimeng.jianying.com/ai-tool/home:0
[  175488ms] [WARNING] The resource https://lf3-lv-buz.vlabstatic.com/obj/image-lvweb-buz/ies/dreamina/web/jimeng/static/js/async/$.c03f955f91.js was preloaded using link preload but not used within a few seconds from the window's load event. Please make sure it has an appropriate `as` value and it is preloaded intentionally. @ https://jimeng.jianying.com/ai-tool/home:0
[  228613ms] [WARNING] The resource https://p11-dreamina-sign.byteimg.com/tos-cn-i-tb4s082cfz/bb4e418284094c109c698ab637ac1a1e~tplv-tb4s082cfz-aigc_resize_loss:720:720.webp?lk3s=4fa96020&x-expires=1782000000&x-signature=rBU8Ci8gyThDCaUJ4Okglr7yGvI%3D was preloaded using link preload but not used within a few seconds from the window's load event. Please make sure it has an appropriate `as` value and it is preloaded intentionally. @ https://jimeng.jianying.com/ai-tool/home:0
[  228613ms] [WARNING] The resource https://p6-heycan-hgt-sign.byteimg.com/tos-cn-i-31yrirwxg7/d5d3ccfd41ee4cb48ef000907114fef1~tplv-3jr8j4ixpe-resize:720:720.webp?lk3s=8e790bc3&x-expires=1811933368&x-signature=mMqAJqKQvgQxEMdYSrc1l9GOHxM%3D was preloaded using link preload but not used within a few seconds from the window's load event. Please make sure it has an appropriate `as` value and it is preloaded intentionally. @ https://jimeng.jianying.com/ai-tool/home:0
[  228613ms] [WARNING] The resource https://lf3-lv-buz.vlabstatic.com/obj/image-lvweb-buz/ies/dreamina/web/jimeng/static/js/async/$.c03f955f91.js was preloaded using link preload but not used within a few seconds from the window's load event. Please make sure it has an appropriate `as` value and it is preloaded intentionally. @ https://jimeng.jianying.com/ai-tool/home:0
