[     931ms] [ERROR] The Content Security Policy directive 'upgrade-insecure-requests' is ignored when delivered in a report-only policy. @ https://jimeng.jianying.com/ai-tool/home:0
[    2608ms] [LOG] [fmp] hit element: JSHandle@node @ https://lf3-lv-buz.vlabstatic.com/obj/image-lvweb-buz/ies/dreamina/web/jimeng/static/sidecode/fmp.e06bd0f74b.js:1
[    2608ms] [LOG] [fmp] hit element: JSHandle@node @ https://lf3-lv-buz.vlabstatic.com/obj/image-lvweb-buz/ies/dreamina/web/jimeng/static/sidecode/fmp.e06bd0f74b.js:1
[    2609ms] [LOG] [ccfmp] success: 1498.445000000298 #ssr-waterfall-feed>div.container-LjAeCU>div.masonry-layout-_dZb6m.masonry-layout>div.masonry-layout-scroll-content-K5a0PK>div.masonry-layout-item-Fz9dDk.masonry-layout-item>div.container-DqDS7y>div.container-w9K_21>img.image-D0NE87 @ https://lf3-lv-buz.vlabstatic.com/obj/image-lvweb-buz/ies/dreamina/web/jimeng/static/sidecode/fmp.e06bd0f74b.js:1
[    2610ms] [LOG] [ccfmp] success: 1498.445000000298 #ssr-waterfall-feed>div.container-LjAeCU>div.masonry-layout-_dZb6m.masonry-layout>div.masonry-layout-scroll-content-K5a0PK>div.masonry-layout-item-Fz9dDk.masonry-layout-item>div.container-DqDS7y>div.container-w9K_21>img.image-D0NE87 @ https://lf3-lv-buz.vlabstatic.com/obj/image-lvweb-buz/ies/dreamina/web/jimeng/static/sidecode/fmp.e06bd0f74b.js:1
[    3068ms] [LOG] [options] {commonOptions: Object, captchaOptions: Object, secondVerifyWebOptions: undefined} @ https://lf3-lv-buz.vlabstatic.com/obj/image-lvweb-buz/ies/dreamina/web/jimeng/static/js/async/lib-account-api.b9d23cf5ff.js:1
[    3077ms] [LOG] [fpStr] ===> verify_mpwiw24j_rL0aB5Y4_wNN0_4xEb_9FlU_LDrNuDT6HUiy @ https://lf3-lv-buz.vlabstatic.com/obj/image-lvweb-buz/ies/dreamina/web/jimeng/static/js/async/lib-account-api.b9d23cf5ff.js:1
[    3980ms] [ERROR] The Content Security Policy directive 'upgrade-insecure-requests' is ignored when delivered in a report-only policy. @ https://lf3-lv-buz.vlabstatic.com/obj/image-lvweb-buz/ies/dreamina/web/jimeng/static/sidecode/headScript.2394b96f78.js:1
[    3981ms] [ERROR] The Content Security Policy directive 'upgrade-insecure-requests' is ignored when delivered in a report-only policy. @ https://lf3-lv-buz.vlabstatic.com/obj/image-lvweb-buz/ies/dreamina/web/jimeng/static/sidecode/headScript.2394b96f78.js:1
[    3985ms] [ERROR] The Content Security Policy directive 'upgrade-insecure-requests' is ignored when delivered in a report-only policy. @ https://lf3-lv-buz.vlabstatic.com/obj/image-lvweb-buz/ies/dreamina/web/jimeng/static/sidecode/headScript.2394b96f78.js:1
[    5203ms] [ERROR] The Content Security Policy directive 'upgrade-insecure-requests' is ignored when delivered in a report-only policy. @ https://lf3-lv-buz.vlabstatic.com/obj/image-lvweb-buz/ies/dreamina/web/jimeng/static/sidecode/headScript.2394b96f78.js:1
[    6629ms] TypeError: Cannot read properties of null (reading 'key')
    at tz.<anonymous> (https://lf3-lv-buz.vlabstatic.com/obj/image-lvweb-buz/ies/dreamina/web/jimeng/static/js/async/4476.89a40eef65.js:1:87070)
    at Generator.next (<anonymous>)
    at n (https://lf3-lv-buz.vlabstatic.com/obj/image-lvweb-buz/ies/dreamina/web/jimeng/static/js/initial-vendors.fccef89a08.js:2:371841)
    at s (https://lf3-lv-buz.vlabstatic.com/obj/image-lvweb-buz/ies/dreamina/web/jimeng/static/js/initial-vendors.fccef89a08.js:2:372038)
    at https://lf3-lv-buz.vlabstatic.com/obj/image-lvweb-buz/ies/dreamina/web/jimeng/static/js/initial-vendors.fccef89a08.js:2:372097
    at new Promise (<anonymous>)
    at tz.<anonymous> (https://lf3-lv-buz.vlabstatic.com/obj/image-lvweb-buz/ies/dreamina/web/jimeng/static/js/initial-vendors.fccef89a08.js:2:371979)
    at priorityLevel (https://lf3-lv-buz.vlabstatic.com/obj/image-lvweb-buz/ies/dreamina/web/jimeng/static/js/async/4476.89a40eef65.js:1:87139)
    at n.workLoop (https://lf3-lv-buz.vlabstatic.com/obj/image-lvweb-buz/ies/dreamina/web/jimeng/static/js/byted-image.47d0e5a6b9.js:5:12041)
    at n._handleHostCallback (https://lf3-lv-buz.vlabstatic.com/obj/image-lvweb-buz/ies/dreamina/web/jimeng/static/js/byted-image.47d0e5a6b9.js:5:14895)
[    6629ms] TypeError: Cannot read properties of null (reading 'key')
    at tz.<anonymous> (https://lf3-lv-buz.vlabstatic.com/obj/image-lvweb-buz/ies/dreamina/web/jimeng/static/js/async/4476.89a40eef65.js:1:87070)
    at Generator.next (<anonymous>)
    at n (https://lf3-lv-buz.vlabstatic.com/obj/image-lvweb-buz/ies/dreamina/web/jimeng/static/js/initial-vendors.fccef89a08.js:2:371841)
    at s (https://lf3-lv-buz.vlabstatic.com/obj/image-lvweb-buz/ies/dreamina/web/jimeng/static/js/initial-vendors.fccef89a08.js:2:372038)
    at https://lf3-lv-buz.vlabstatic.com/obj/image-lvweb-buz/ies/dreamina/web/jimeng/static/js/initial-vendors.fccef89a08.js:2:372097
    at new Promise (<anonymous>)
    at tz.<anonymous> (https://lf3-lv-buz.vlabstatic.com/obj/image-lvweb-buz/ies/dreamina/web/jimeng/static/js/initial-vendors.fccef89a08.js:2:371979)
    at priorityLevel (https://lf3-lv-buz.vlabstatic.com/obj/image-lvweb-buz/ies/dreamina/web/jimeng/static/js/async/4476.89a40eef65.js:1:87139)
    at n.workLoop (https://lf3-lv-buz.vlabstatic.com/obj/image-lvweb-buz/ies/dreamina/web/jimeng/static/js/byted-image.47d0e5a6b9.js:5:12041)
    at n._handleHostCallback (https://lf3-lv-buz.vlabstatic.com/obj/image-lvweb-buz/ies/dreamina/web/jimeng/static/js/byted-image.47d0e5a6b9.js:5:14895)
[    7280ms] TypeError: Cannot read properties of null (reading 'key')
    at tV.<anonymous> (https://lf3-lv-buz.vlabstatic.com/obj/image-lvweb-buz/ies/dreamina/web/jimeng/static/js/async/4476.89a40eef65.js:1:85213)
    at Generator.next (<anonymous>)
    at n (https://lf3-lv-buz.vlabstatic.com/obj/image-lvweb-buz/ies/dreamina/web/jimeng/static/js/initial-vendors.fccef89a08.js:2:371841)
    at s (https://lf3-lv-buz.vlabstatic.com/obj/image-lvweb-buz/ies/dreamina/web/jimeng/static/js/initial-vendors.fccef89a08.js:2:372038)
    at https://lf3-lv-buz.vlabstatic.com/obj/image-lvweb-buz/ies/dreamina/web/jimeng/static/js/initial-vendors.fccef89a08.js:2:372097
    at new Promise (<anonymous>)
    at tV.<anonymous> (https://lf3-lv-buz.vlabstatic.com/obj/image-lvweb-buz/ies/dreamina/web/jimeng/static/js/initial-vendors.fccef89a08.js:2:371979)
    at priorityLevel (https://lf3-lv-buz.vlabstatic.com/obj/image-lvweb-buz/ies/dreamina/web/jimeng/static/js/async/4476.89a40eef65.js:1:85282)
    at n.workLoop (https://lf3-lv-buz.vlabstatic.com/obj/image-lvweb-buz/ies/dreamina/web/jimeng/static/js/byted-image.47d0e5a6b9.js:5:12041)
    at n._handleHostCallback (https://lf3-lv-buz.vlabstatic.com/obj/image-lvweb-buz/ies/dreamina/web/jimeng/static/js/byted-image.47d0e5a6b9.js:5:14895)
[   10399ms] [WARNING] The resource https://p26-dreamina-sign.byteimg.com/tos-cn-i-tb4s082cfz/f452d87e3b1f4bc59b5c29ef0bd5e759~tplv-tb4s082cfz-aigc_resize_loss:720:720.webp?lk3s=4fa96020&x-expires=1782000000&x-signature=Nfrn8%2F6PxzDcEI7aoQ5FUwzXyis%3D was preloaded using link preload but not used within a few seconds from the window's load event. Please make sure it has an appropriate `as` value and it is preloaded intentionally. @ https://jimeng.jianying.com/ai-tool/home:0
[   10399ms] [WARNING] The resource https://p9-heycan-hgt-sign.byteimg.com/tos-cn-i-31yrirwxg7/d5d3ccfd41ee4cb48ef000907114fef1~tplv-3jr8j4ixpe-resize:720:720.webp?lk3s=8e790bc3&x-expires=1811933813&x-signature=e%2BOHynKNFhVUOFPdSP%2B3pU0vBLg%3D was preloaded using link preload but not used within a few seconds from the window's load event. Please make sure it has an appropriate `as` value and it is preloaded intentionally. @ https://jimeng.jianying.com/ai-tool/home:0
[   10399ms] [WARNING] The resource https://lf3-lv-buz.vlabstatic.com/obj/image-lvweb-buz/ies/dreamina/web/jimeng/static/js/async/$.c03f955f91.js was preloaded using link preload but not used within a few seconds from the window's load event. Please make sure it has an appropriate `as` value and it is preloaded intentionally. @ https://jimeng.jianying.com/ai-tool/home:0
[   15228ms] [WARNING] The resource https://p26-dreamina-sign.byteimg.com/tos-cn-i-tb4s082cfz/f452d87e3b1f4bc59b5c29ef0bd5e759~tplv-tb4s082cfz-aigc_resize_loss:720:720.webp?lk3s=4fa96020&x-expires=1782000000&x-signature=Nfrn8%2F6PxzDcEI7aoQ5FUwzXyis%3D was preloaded using link preload but not used within a few seconds from the window's load event. Please make sure it has an appropriate `as` value and it is preloaded intentionally. @ https://jimeng.jianying.com/ai-tool/home:0
[   15228ms] [WARNING] The resource https://p9-heycan-hgt-sign.byteimg.com/tos-cn-i-31yrirwxg7/d5d3ccfd41ee4cb48ef000907114fef1~tplv-3jr8j4ixpe-resize:720:720.webp?lk3s=8e790bc3&x-expires=1811933813&x-signature=e%2BOHynKNFhVUOFPdSP%2B3pU0vBLg%3D was preloaded using link preload but not used within a few seconds from the window's load event. Please make sure it has an appropriate `as` value and it is preloaded intentionally. @ https://jimeng.jianying.com/ai-tool/home:0
[   15228ms] [WARNING] The resource https://lf3-lv-buz.vlabstatic.com/obj/image-lvweb-buz/ies/dreamina/web/jimeng/static/js/async/$.c03f955f91.js was preloaded using link preload but not used within a few seconds from the window's load event. Please make sure it has an appropriate `as` value and it is preloaded intentionally. @ https://jimeng.jianying.com/ai-tool/home:0
[   46125ms] [WARNING] The resource https://p26-dreamina-sign.byteimg.com/tos-cn-i-tb4s082cfz/f452d87e3b1f4bc59b5c29ef0bd5e759~tplv-tb4s082cfz-aigc_resize_loss:720:720.webp?lk3s=4fa96020&x-expires=1782000000&x-signature=Nfrn8%2F6PxzDcEI7aoQ5FUwzXyis%3D was preloaded using link preload but not used within a few seconds from the window's load event. Please make sure it has an appropriate `as` value and it is preloaded intentionally. @ https://jimeng.jianying.com/ai-tool/home:0
[   46125ms] [WARNING] The resource https://p9-heycan-hgt-sign.byteimg.com/tos-cn-i-31yrirwxg7/d5d3ccfd41ee4cb48ef000907114fef1~tplv-3jr8j4ixpe-resize:720:720.webp?lk3s=8e790bc3&x-expires=1811933813&x-signature=e%2BOHynKNFhVUOFPdSP%2B3pU0vBLg%3D was preloaded using link preload but not used within a few seconds from the window's load event. Please make sure it has an appropriate `as` value and it is preloaded intentionally. @ https://jimeng.jianying.com/ai-tool/home:0
[   46125ms] [WARNING] The resource https://lf3-lv-buz.vlabstatic.com/obj/image-lvweb-buz/ies/dreamina/web/jimeng/static/js/async/$.c03f955f91.js was preloaded using link preload but not used within a few seconds from the window's load event. Please make sure it has an appropriate `as` value and it is preloaded intentionally. @ https://jimeng.jianying.com/ai-tool/home:0
[   49200ms] [WARNING] The resource https://p26-dreamina-sign.byteimg.com/tos-cn-i-tb4s082cfz/f452d87e3b1f4bc59b5c29ef0bd5e759~tplv-tb4s082cfz-aigc_resize_loss:720:720.webp?lk3s=4fa96020&x-expires=1782000000&x-signature=Nfrn8%2F6PxzDcEI7aoQ5FUwzXyis%3D was preloaded using link preload but not used within a few seconds from the window's load event. Please make sure it has an appropriate `as` value and it is preloaded intentionally. @ https://jimeng.jianying.com/ai-tool/home:0
[   49200ms] [WARNING] The resource https://p9-heycan-hgt-sign.byteimg.com/tos-cn-i-31yrirwxg7/d5d3ccfd41ee4cb48ef000907114fef1~tplv-3jr8j4ixpe-resize:720:720.webp?lk3s=8e790bc3&x-expires=1811933813&x-signature=e%2BOHynKNFhVUOFPdSP%2B3pU0vBLg%3D was preloaded using link preload but not used within a few seconds from the window's load event. Please make sure it has an appropriate `as` value and it is preloaded intentionally. @ https://jimeng.jianying.com/ai-tool/home:0
[   49200ms] [WARNING] The resource https://lf3-lv-buz.vlabstatic.com/obj/image-lvweb-buz/ies/dreamina/web/jimeng/static/js/async/$.c03f955f91.js was preloaded using link preload but not used within a few seconds from the window's load event. Please make sure it has an appropriate `as` value and it is preloaded intentionally. @ https://jimeng.jianying.com/ai-tool/home:0
[   70146ms] [WARNING] The resource https://p26-dreamina-sign.byteimg.com/tos-cn-i-tb4s082cfz/f452d87e3b1f4bc59b5c29ef0bd5e759~tplv-tb4s082cfz-aigc_resize_loss:720:720.webp?lk3s=4fa96020&x-expires=1782000000&x-signature=Nfrn8%2F6PxzDcEI7aoQ5FUwzXyis%3D was preloaded using link preload but not used within a few seconds from the window's load event. Please make sure it has an appropriate `as` value and it is preloaded intentionally. @ https://jimeng.jianying.com/ai-tool/home:0
[   70146ms] [WARNING] The resource https://p9-heycan-hgt-sign.byteimg.com/tos-cn-i-31yrirwxg7/d5d3ccfd41ee4cb48ef000907114fef1~tplv-3jr8j4ixpe-resize:720:720.webp?lk3s=8e790bc3&x-expires=1811933813&x-signature=e%2BOHynKNFhVUOFPdSP%2B3pU0vBLg%3D was preloaded using link preload but not used within a few seconds from the window's load event. Please make sure it has an appropriate `as` value and it is preloaded intentionally. @ https://jimeng.jianying.com/ai-tool/home:0
[   70146ms] [WARNING] The resource https://lf3-lv-buz.vlabstatic.com/obj/image-lvweb-buz/ies/dreamina/web/jimeng/static/js/async/$.c03f955f91.js was preloaded using link preload but not used within a few seconds from the window's load event. Please make sure it has an appropriate `as` value and it is preloaded intentionally. @ https://jimeng.jianying.com/ai-tool/home:0
[   73265ms] [WARNING] The resource https://p26-dreamina-sign.byteimg.com/tos-cn-i-tb4s082cfz/f452d87e3b1f4bc59b5c29ef0bd5e759~tplv-tb4s082cfz-aigc_resize_loss:720:720.webp?lk3s=4fa96020&x-expires=1782000000&x-signature=Nfrn8%2F6PxzDcEI7aoQ5FUwzXyis%3D was preloaded using link preload but not used within a few seconds from the window's load event. Please make sure it has an appropriate `as` value and it is preloaded intentionally. @ https://jimeng.jianying.com/ai-tool/home:0
[   73265ms] [WARNING] The resource https://p9-heycan-hgt-sign.byteimg.com/tos-cn-i-31yrirwxg7/d5d3ccfd41ee4cb48ef000907114fef1~tplv-3jr8j4ixpe-resize:720:720.webp?lk3s=8e790bc3&x-expires=1811933813&x-signature=e%2BOHynKNFhVUOFPdSP%2B3pU0vBLg%3D was preloaded using link preload but not used within a few seconds from the window's load event. Please make sure it has an appropriate `as` value and it is preloaded intentionally. @ https://jimeng.jianying.com/ai-tool/home:0
[   73265ms] [WARNING] The resource https://lf3-lv-buz.vlabstatic.com/obj/image-lvweb-buz/ies/dreamina/web/jimeng/static/js/async/$.c03f955f91.js was preloaded using link preload but not used within a few seconds from the window's load event. Please make sure it has an appropriate `as` value and it is preloaded intentionally. @ https://jimeng.jianying.com/ai-tool/home:0
[  170830ms] [WARNING] The resource https://p26-dreamina-sign.byteimg.com/tos-cn-i-tb4s082cfz/f452d87e3b1f4bc59b5c29ef0bd5e759~tplv-tb4s082cfz-aigc_resize_loss:720:720.webp?lk3s=4fa96020&x-expires=1782000000&x-signature=Nfrn8%2F6PxzDcEI7aoQ5FUwzXyis%3D was preloaded using link preload but not used within a few seconds from the window's load event. Please make sure it has an appropriate `as` value and it is preloaded intentionally. @ https://jimeng.jianying.com/ai-tool/home:0
[  170830ms] [WARNING] The resource https://p9-heycan-hgt-sign.byteimg.com/tos-cn-i-31yrirwxg7/d5d3ccfd41ee4cb48ef000907114fef1~tplv-3jr8j4ixpe-resize:720:720.webp?lk3s=8e790bc3&x-expires=1811933813&x-signature=e%2BOHynKNFhVUOFPdSP%2B3pU0vBLg%3D was preloaded using link preload but not used within a few seconds from the window's load event. Please make sure it has an appropriate `as` value and it is preloaded intentionally. @ https://jimeng.jianying.com/ai-tool/home:0
[  170830ms] [WARNING] The resource https://lf3-lv-buz.vlabstatic.com/obj/image-lvweb-buz/ies/dreamina/web/jimeng/static/js/async/$.c03f955f91.js was preloaded using link preload but not used within a few seconds from the window's load event. Please make sure it has an appropriate `as` value and it is preloaded intentionally. @ https://jimeng.jianying.com/ai-tool/home:0
[  186156ms] [ERROR] The Content Security Policy directive 'upgrade-insecure-requests' is ignored when delivered in a report-only policy. @ https://lf3-lv-buz.vlabstatic.com/obj/image-lvweb-buz/ies/dreamina/web/jimeng/static/sidecode/headScript.2394b96f78.js:1
[  186157ms] [ERROR] The Content Security Policy directive 'upgrade-insecure-requests' is ignored when delivered in a report-only policy. @ https://lf3-lv-buz.vlabstatic.com/obj/image-lvweb-buz/ies/dreamina/web/jimeng/static/sidecode/headScript.2394b96f78.js:1
[  187006ms] [ERROR] The Content Security Policy directive 'upgrade-insecure-requests' is ignored when delivered in a report-only policy. @ https://lf3-lv-buz.vlabstatic.com/obj/image-lvweb-buz/ies/dreamina/web/jimeng/static/sidecode/headScript.2394b96f78.js:1
[  187007ms] [ERROR] The Content Security Policy directive 'upgrade-insecure-requests' is ignored when delivered in a report-only policy. @ https://lf3-lv-buz.vlabstatic.com/obj/image-lvweb-buz/ies/dreamina/web/jimeng/static/sidecode/headScript.2394b96f78.js:1
[  192151ms] [WARNING] The resource https://p26-dreamina-sign.byteimg.com/tos-cn-i-tb4s082cfz/f452d87e3b1f4bc59b5c29ef0bd5e759~tplv-tb4s082cfz-aigc_resize_loss:720:720.webp?lk3s=4fa96020&x-expires=1782000000&x-signature=Nfrn8%2F6PxzDcEI7aoQ5FUwzXyis%3D was preloaded using link preload but not used within a few seconds from the window's load event. Please make sure it has an appropriate `as` value and it is preloaded intentionally. @ https://jimeng.jianying.com/ai-tool/home:0
[  192151ms] [WARNING] The resource https://p9-heycan-hgt-sign.byteimg.com/tos-cn-i-31yrirwxg7/d5d3ccfd41ee4cb48ef000907114fef1~tplv-3jr8j4ixpe-resize:720:720.webp?lk3s=8e790bc3&x-expires=1811933813&x-signature=e%2BOHynKNFhVUOFPdSP%2B3pU0vBLg%3D was preloaded using link preload but not used within a few seconds from the window's load event. Please make sure it has an appropriate `as` value and it is preloaded intentionally. @ https://jimeng.jianying.com/ai-tool/home:0
[  192151ms] [WARNING] The resource https://lf3-lv-buz.vlabstatic.com/obj/image-lvweb-buz/ies/dreamina/web/jimeng/static/js/async/$.c03f955f91.js was preloaded using link preload but not used within a few seconds from the window's load event. Please make sure it has an appropriate `as` value and it is preloaded intentionally. @ https://jimeng.jianying.com/ai-tool/home:0
[  196269ms] [WARNING] The resource https://p26-dreamina-sign.byteimg.com/tos-cn-i-tb4s082cfz/f452d87e3b1f4bc59b5c29ef0bd5e759~tplv-tb4s082cfz-aigc_resize_loss:720:720.webp?lk3s=4fa96020&x-expires=1782000000&x-signature=Nfrn8%2F6PxzDcEI7aoQ5FUwzXyis%3D was preloaded using link preload but not used within a few seconds from the window's load event. Please make sure it has an appropriate `as` value and it is preloaded intentionally. @ https://jimeng.jianying.com/ai-tool/home:0
[  196269ms] [WARNING] The resource https://p9-heycan-hgt-sign.byteimg.com/tos-cn-i-31yrirwxg7/d5d3ccfd41ee4cb48ef000907114fef1~tplv-3jr8j4ixpe-resize:720:720.webp?lk3s=8e790bc3&x-expires=1811933813&x-signature=e%2BOHynKNFhVUOFPdSP%2B3pU0vBLg%3D was preloaded using link preload but not used within a few seconds from the window's load event. Please make sure it has an appropriate `as` value and it is preloaded intentionally. @ https://jimeng.jianying.com/ai-tool/home:0
[  196269ms] [WARNING] The resource https://lf3-lv-buz.vlabstatic.com/obj/image-lvweb-buz/ies/dreamina/web/jimeng/static/js/async/$.c03f955f91.js was preloaded using link preload but not used within a few seconds from the window's load event. Please make sure it has an appropriate `as` value and it is preloaded intentionally. @ https://jimeng.jianying.com/ai-tool/home:0
[  249414ms] [WARNING] The resource https://p26-dreamina-sign.byteimg.com/tos-cn-i-tb4s082cfz/f452d87e3b1f4bc59b5c29ef0bd5e759~tplv-tb4s082cfz-aigc_resize_loss:720:720.webp?lk3s=4fa96020&x-expires=1782000000&x-signature=Nfrn8%2F6PxzDcEI7aoQ5FUwzXyis%3D was preloaded using link preload but not used within a few seconds from the window's load event. Please make sure it has an appropriate `as` value and it is preloaded intentionally. @ https://jimeng.jianying.com/ai-tool/home:0
[  249414ms] [WARNING] The resource https://p9-heycan-hgt-sign.byteimg.com/tos-cn-i-31yrirwxg7/d5d3ccfd41ee4cb48ef000907114fef1~tplv-3jr8j4ixpe-resize:720:720.webp?lk3s=8e790bc3&x-expires=1811933813&x-signature=e%2BOHynKNFhVUOFPdSP%2B3pU0vBLg%3D was preloaded using link preload but not used within a few seconds from the window's load event. Please make sure it has an appropriate `as` value and it is preloaded intentionally. @ https://jimeng.jianying.com/ai-tool/home:0
[  249414ms] [WARNING] The resource https://lf3-lv-buz.vlabstatic.com/obj/image-lvweb-buz/ies/dreamina/web/jimeng/static/js/async/$.c03f955f91.js was preloaded using link preload but not used within a few seconds from the window's load event. Please make sure it has an appropriate `as` value and it is preloaded intentionally. @ https://jimeng.jianying.com/ai-tool/home:0
