[    2033ms] Error: Minified React error #425; visit https://reactjs.org/docs/error-decoder.html?invariant=425 for the full message or use the non-minified dev environment for full errors and additional helpful warnings.
    at rh (https://civitai.com/_next/static/chunks/framework-f93652d801a08f73.js:1:40260)
    at https://civitai.com/_next/static/chunks/framework-f93652d801a08f73.js:1:100719
    at oD (https://civitai.com/_next/static/chunks/framework-f93652d801a08f73.js:1:106230)
    at oO (https://civitai.com/_next/static/chunks/framework-f93652d801a08f73.js:1:99178)
    at https://civitai.com/_next/static/chunks/framework-f93652d801a08f73.js:1:98985
    at oF (https://civitai.com/_next/static/chunks/framework-f93652d801a08f73.js:1:98992)
    at oS (https://civitai.com/_next/static/chunks/framework-f93652d801a08f73.js:1:94031)
    at x (https://civitai.com/_next/static/chunks/framework-f93652d801a08f73.js:1:137529)
    at MessagePort.T (https://civitai.com/_next/static/chunks/framework-f93652d801a08f73.js:1:138059)
[    2033ms] Error: Minified React error #418; visit https://reactjs.org/docs/error-decoder.html?invariant=418 for the full message or use the non-minified dev environment for full errors and additional helpful warnings.
    at lg (https://civitai.com/_next/static/chunks/framework-f93652d801a08f73.js:1:46556)
    at i (https://civitai.com/_next/static/chunks/framework-f93652d801a08f73.js:1:121151)
    at oO (https://civitai.com/_next/static/chunks/framework-f93652d801a08f73.js:1:99118)
    at https://civitai.com/_next/static/chunks/framework-f93652d801a08f73.js:1:98985
    at oF (https://civitai.com/_next/static/chunks/framework-f93652d801a08f73.js:1:98992)
    at oS (https://civitai.com/_next/static/chunks/framework-f93652d801a08f73.js:1:94031)
    at x (https://civitai.com/_next/static/chunks/framework-f93652d801a08f73.js:1:137529)
    at MessagePort.T (https://civitai.com/_next/static/chunks/framework-f93652d801a08f73.js:1:138059)
[    2033ms] Error: Minified React error #418; visit https://reactjs.org/docs/error-decoder.html?invariant=418 for the full message or use the non-minified dev environment for full errors and additional helpful warnings.
    at lg (https://civitai.com/_next/static/chunks/framework-f93652d801a08f73.js:1:46556)
    at i (https://civitai.com/_next/static/chunks/framework-f93652d801a08f73.js:1:121151)
    at oO (https://civitai.com/_next/static/chunks/framework-f93652d801a08f73.js:1:99118)
    at https://civitai.com/_next/static/chunks/framework-f93652d801a08f73.js:1:98985
    at oF (https://civitai.com/_next/static/chunks/framework-f93652d801a08f73.js:1:98992)
    at oS (https://civitai.com/_next/static/chunks/framework-f93652d801a08f73.js:1:94031)
    at x (https://civitai.com/_next/static/chunks/framework-f93652d801a08f73.js:1:137529)
    at MessagePort.T (https://civitai.com/_next/static/chunks/framework-f93652d801a08f73.js:1:138059)
[    2033ms] Error: Minified React error #418; visit https://reactjs.org/docs/error-decoder.html?invariant=418 for the full message or use the non-minified dev environment for full errors and additional helpful warnings.
    at lg (https://civitai.com/_next/static/chunks/framework-f93652d801a08f73.js:1:46556)
    at i (https://civitai.com/_next/static/chunks/framework-f93652d801a08f73.js:1:121151)
    at oO (https://civitai.com/_next/static/chunks/framework-f93652d801a08f73.js:1:99118)
    at https://civitai.com/_next/static/chunks/framework-f93652d801a08f73.js:1:98985
    at oF (https://civitai.com/_next/static/chunks/framework-f93652d801a08f73.js:1:98992)
    at oS (https://civitai.com/_next/static/chunks/framework-f93652d801a08f73.js:1:94031)
    at x (https://civitai.com/_next/static/chunks/framework-f93652d801a08f73.js:1:137529)
    at MessagePort.T (https://civitai.com/_next/static/chunks/framework-f93652d801a08f73.js:1:138059)
[    2034ms] Error: Minified React error #418; visit https://reactjs.org/docs/error-decoder.html?invariant=418 for the full message or use the non-minified dev environment for full errors and additional helpful warnings.
    at lg (https://civitai.com/_next/static/chunks/framework-f93652d801a08f73.js:1:46556)
    at i (https://civitai.com/_next/static/chunks/framework-f93652d801a08f73.js:1:121151)
    at oO (https://civitai.com/_next/static/chunks/framework-f93652d801a08f73.js:1:99118)
    at https://civitai.com/_next/static/chunks/framework-f93652d801a08f73.js:1:98985
    at oF (https://civitai.com/_next/static/chunks/framework-f93652d801a08f73.js:1:98992)
    at oS (https://civitai.com/_next/static/chunks/framework-f93652d801a08f73.js:1:94031)
    at x (https://civitai.com/_next/static/chunks/framework-f93652d801a08f73.js:1:137529)
    at MessagePort.T (https://civitai.com/_next/static/chunks/framework-f93652d801a08f73.js:1:138059)
[    2034ms] Error: Minified React error #418; visit https://reactjs.org/docs/error-decoder.html?invariant=418 for the full message or use the non-minified dev environment for full errors and additional helpful warnings.
    at lg (https://civitai.com/_next/static/chunks/framework-f93652d801a08f73.js:1:46556)
    at i (https://civitai.com/_next/static/chunks/framework-f93652d801a08f73.js:1:121151)
    at oO (https://civitai.com/_next/static/chunks/framework-f93652d801a08f73.js:1:99118)
    at https://civitai.com/_next/static/chunks/framework-f93652d801a08f73.js:1:98985
    at oF (https://civitai.com/_next/static/chunks/framework-f93652d801a08f73.js:1:98992)
    at oS (https://civitai.com/_next/static/chunks/framework-f93652d801a08f73.js:1:94031)
    at x (https://civitai.com/_next/static/chunks/framework-f93652d801a08f73.js:1:137529)
    at MessagePort.T (https://civitai.com/_next/static/chunks/framework-f93652d801a08f73.js:1:138059)
[    2034ms] Error: Minified React error #418; visit https://reactjs.org/docs/error-decoder.html?invariant=418 for the full message or use the non-minified dev environment for full errors and additional helpful warnings.
    at lg (https://civitai.com/_next/static/chunks/framework-f93652d801a08f73.js:1:46556)
    at i (https://civitai.com/_next/static/chunks/framework-f93652d801a08f73.js:1:121151)
    at oO (https://civitai.com/_next/static/chunks/framework-f93652d801a08f73.js:1:99118)
    at https://civitai.com/_next/static/chunks/framework-f93652d801a08f73.js:1:98985
    at oF (https://civitai.com/_next/static/chunks/framework-f93652d801a08f73.js:1:98992)
    at oS (https://civitai.com/_next/static/chunks/framework-f93652d801a08f73.js:1:94031)
    at x (https://civitai.com/_next/static/chunks/framework-f93652d801a08f73.js:1:137529)
    at MessagePort.T (https://civitai.com/_next/static/chunks/framework-f93652d801a08f73.js:1:138059)
[    2034ms] Error: Minified React error #418; visit https://reactjs.org/docs/error-decoder.html?invariant=418 for the full message or use the non-minified dev environment for full errors and additional helpful warnings.
    at lg (https://civitai.com/_next/static/chunks/framework-f93652d801a08f73.js:1:46556)
    at i (https://civitai.com/_next/static/chunks/framework-f93652d801a08f73.js:1:121151)
    at oO (https://civitai.com/_next/static/chunks/framework-f93652d801a08f73.js:1:99118)
    at https://civitai.com/_next/static/chunks/framework-f93652d801a08f73.js:1:98985
    at oF (https://civitai.com/_next/static/chunks/framework-f93652d801a08f73.js:1:98992)
    at oS (https://civitai.com/_next/static/chunks/framework-f93652d801a08f73.js:1:94031)
    at x (https://civitai.com/_next/static/chunks/framework-f93652d801a08f73.js:1:137529)
    at MessagePort.T (https://civitai.com/_next/static/chunks/framework-f93652d801a08f73.js:1:138059)
[    2034ms] Error: Minified React error #418; visit https://reactjs.org/docs/error-decoder.html?invariant=418 for the full message or use the non-minified dev environment for full errors and additional helpful warnings.
    at lg (https://civitai.com/_next/static/chunks/framework-f93652d801a08f73.js:1:46556)
    at i (https://civitai.com/_next/static/chunks/framework-f93652d801a08f73.js:1:121151)
    at oO (https://civitai.com/_next/static/chunks/framework-f93652d801a08f73.js:1:99118)
    at https://civitai.com/_next/static/chunks/framework-f93652d801a08f73.js:1:98985
    at oF (https://civitai.com/_next/static/chunks/framework-f93652d801a08f73.js:1:98992)
    at oS (https://civitai.com/_next/static/chunks/framework-f93652d801a08f73.js:1:94031)
    at x (https://civitai.com/_next/static/chunks/framework-f93652d801a08f73.js:1:137529)
    at MessagePort.T (https://civitai.com/_next/static/chunks/framework-f93652d801a08f73.js:1:138059)
[    2034ms] Error: Minified React error #418; visit https://reactjs.org/docs/error-decoder.html?invariant=418 for the full message or use the non-minified dev environment for full errors and additional helpful warnings.
    at lg (https://civitai.com/_next/static/chunks/framework-f93652d801a08f73.js:1:46556)
    at i (https://civitai.com/_next/static/chunks/framework-f93652d801a08f73.js:1:121151)
    at oO (https://civitai.com/_next/static/chunks/framework-f93652d801a08f73.js:1:99118)
    at https://civitai.com/_next/static/chunks/framework-f93652d801a08f73.js:1:98985
    at oF (https://civitai.com/_next/static/chunks/framework-f93652d801a08f73.js:1:98992)
    at oS (https://civitai.com/_next/static/chunks/framework-f93652d801a08f73.js:1:94031)
    at x (https://civitai.com/_next/static/chunks/framework-f93652d801a08f73.js:1:137529)
    at MessagePort.T (https://civitai.com/_next/static/chunks/framework-f93652d801a08f73.js:1:138059)
[    2034ms] Error: Minified React error #418; visit https://reactjs.org/docs/error-decoder.html?invariant=418 for the full message or use the non-minified dev environment for full errors and additional helpful warnings.
    at lg (https://civitai.com/_next/static/chunks/framework-f93652d801a08f73.js:1:46556)
    at i (https://civitai.com/_next/static/chunks/framework-f93652d801a08f73.js:1:121151)
    at oO (https://civitai.com/_next/static/chunks/framework-f93652d801a08f73.js:1:99118)
    at https://civitai.com/_next/static/chunks/framework-f93652d801a08f73.js:1:98985
    at oF (https://civitai.com/_next/static/chunks/framework-f93652d801a08f73.js:1:98992)
    at oS (https://civitai.com/_next/static/chunks/framework-f93652d801a08f73.js:1:94031)
    at x (https://civitai.com/_next/static/chunks/framework-f93652d801a08f73.js:1:137529)
    at MessagePort.T (https://civitai.com/_next/static/chunks/framework-f93652d801a08f73.js:1:138059)
[    2034ms] Error: Minified React error #418; visit https://reactjs.org/docs/error-decoder.html?invariant=418 for the full message or use the non-minified dev environment for full errors and additional helpful warnings.
    at lg (https://civitai.com/_next/static/chunks/framework-f93652d801a08f73.js:1:46556)
    at i (https://civitai.com/_next/static/chunks/framework-f93652d801a08f73.js:1:121151)
    at oO (https://civitai.com/_next/static/chunks/framework-f93652d801a08f73.js:1:99118)
    at https://civitai.com/_next/static/chunks/framework-f93652d801a08f73.js:1:98985
    at oF (https://civitai.com/_next/static/chunks/framework-f93652d801a08f73.js:1:98992)
    at oS (https://civitai.com/_next/static/chunks/framework-f93652d801a08f73.js:1:94031)
    at x (https://civitai.com/_next/static/chunks/framework-f93652d801a08f73.js:1:137529)
    at MessagePort.T (https://civitai.com/_next/static/chunks/framework-f93652d801a08f73.js:1:138059)
[    2034ms] Error: Minified React error #418; visit https://reactjs.org/docs/error-decoder.html?invariant=418 for the full message or use the non-minified dev environment for full errors and additional helpful warnings.
    at lg (https://civitai.com/_next/static/chunks/framework-f93652d801a08f73.js:1:46556)
    at i (https://civitai.com/_next/static/chunks/framework-f93652d801a08f73.js:1:121151)
    at oO (https://civitai.com/_next/static/chunks/framework-f93652d801a08f73.js:1:99118)
    at https://civitai.com/_next/static/chunks/framework-f93652d801a08f73.js:1:98985
    at oF (https://civitai.com/_next/static/chunks/framework-f93652d801a08f73.js:1:98992)
    at oS (https://civitai.com/_next/static/chunks/framework-f93652d801a08f73.js:1:94031)
    at x (https://civitai.com/_next/static/chunks/framework-f93652d801a08f73.js:1:137529)
    at MessagePort.T (https://civitai.com/_next/static/chunks/framework-f93652d801a08f73.js:1:138059)
[    2034ms] Error: Minified React error #423; visit https://reactjs.org/docs/error-decoder.html?invariant=423 for the full message or use the non-minified dev environment for full errors and additional helpful warnings.
    at i (https://civitai.com/_next/static/chunks/framework-f93652d801a08f73.js:1:120820)
    at oO (https://civitai.com/_next/static/chunks/framework-f93652d801a08f73.js:1:99118)
    at https://civitai.com/_next/static/chunks/framework-f93652d801a08f73.js:1:98985
    at oF (https://civitai.com/_next/static/chunks/framework-f93652d801a08f73.js:1:98992)
    at ox (https://civitai.com/_next/static/chunks/framework-f93652d801a08f73.js:1:95744)
    at oS (https://civitai.com/_next/static/chunks/framework-f93652d801a08f73.js:1:94299)
    at x (https://civitai.com/_next/static/chunks/framework-f93652d801a08f73.js:1:137529)
    at MessagePort.T (https://civitai.com/_next/static/chunks/framework-f93652d801a08f73.js:1:138059)
[    2597ms] [ERROR] Failed to load resource: net::ERR_CONNECTION_ABORTED @ https://securepubads.g.doubleclick.net/tag/js/gpt.js?network-code=22152718:0
[    2724ms] //securepubads.g.doubleclick.net/tag/js/gpt.js?network-code=22152718
[    2756ms] [ERROR] Failed to load resource: the server responded with a status of 403 () @ https://civitai.com/api/trpc/recommenders.getResourceRecommendations?input=%7B%22json%22%3A%7B%22modelVersionId%22%3A2772261%2C%22browsingLevel%22%3A1%7D%7D:0
[    2758ms] [ERROR] %c << query #12 %crecommenders.getResourceRecommendations%c %O 
    background-color: #3fb0d8;
    color: white;
    padding: 2px;
   
    background-color: #3fb0d8;
    color: white;
    padding: 2px;
  ; font-weight: bold; 
    background-color: #3fb0d8;
    color: white;
    padding: 2px;
  ; font-weight: normal; {input: Object, result: TRPCClientError: FORBIDDEN
    at e.from (https://civitai.com/_next/static/chunks/pages/_app-e71936…, elapsedMs: 226, context: Object} @ https://civitai.com/_next/static/chunks/pages/_app-e719361074e3eb70.js:19
[    2899ms] [LOG] %c【AdEngine】(adaptive_v2-157) queued at 2568ms and loaded in 286ms. (civitai.com:18994-1780485306463-default) color:#2dc9ac; @ https://adengine.snigelweb.com/civitai.com/18994-1780485306463/adngin.js:0
[    2934ms] [ERROR] Failed to load resource: net::ERR_CONNECTION_ABORTED @ https://gum.criteo.com/sid/json?origin=prebid&topUrl=https%3A%2F%2Fcivitai.com%2F&domain=civitai.com&lsw=1&us_privacy=1---&gdpr=0:0
[    2935ms] [ERROR] Failed to load resource: net::ERR_CONNECTION_CLOSED @ https://api.rlcdn.com/api/identity/envelope?pid=107:0
[    2938ms] [ERROR] Failed to load resource: net::ERR_CONNECTION_CLOSED @ https://match.adsrvr.org/track/rid?ttd_pid=8p4qh9l&fmt=json:0
[    3045ms] [ERROR] Failed to load resource: net::ERR_CONNECTION_ABORTED @ https://hbopenbid.pubmatic.com/translator?source=prebid-client:0
[    3047ms] [ERROR] Failed to load resource: net::ERR_CONNECTION_ABORTED @ https://fastlane.rubiconproject.com/a/api/fastlane.json?account_id=14598&site_id=263488&zone_id=3642476&size_id=15&alt_size_ids=13%2C14%2C16&gdpr=0&us_privacy=1---&rp_schain=1.0,1!snigelweb.com,7438,1,,,civitai.com&eid_pubcid.org=173f3a61-ab22-470a-b0f0-1b2ad340e01f%5E1%5E%5E%5E%5E%5E&rf=https%3A%2F%2Fcivitai.com%2Fmodels%2F2465642%2Fnoobai-or-endmin-penguin-endministrator%3FmodelVersionId%3D2772261&tg_i.domain=civitai.com&tg_i.page=https%3A%2F%2Fcivitai.com%2Fmodels%2F2465642%2Fnoobai-or-endmin-penguin-endministrator%3FmodelVersionId%3D2772261&tg_i.cat=597&tg_i.cattax=9&tg_i.documentLang=en&tg_i.pbadslot=side_2%23ab05b3b9-ef2e-4e8a-aada-66c16f41e048&tk_flint=pbjs_lite_v9.43.0&l_pb_bid_id=268f2ff0a9316a1&p_screen_res=1280x720&rp_secure=1&rp_hard_floor=0.0582&rp_maxbids=1&p_gpid=side_2%23ab05b3b9-ef2e-4e8a-aada-66c16f41e048&m_ch_ua=%22Chromium%22%7Cv%3D%22148%22%2C%22Google%20Chrome%22%7Cv%3D%22148%22%2C%22Not%2FA)Brand%22%7Cv%3D%2299%22&m_ch_mobile=%3F0&m_ch_platform=Windows&slots=1&rand=0.9684095833722314:0
[    3048ms] [ERROR] Failed to load resource: net::ERR_CONNECTION_CLOSED @ https://fastlane.rubiconproject.com/a/api/fastlane.json?account_id=14598&site_id=263488&zone_id=3642466&size_id=2&alt_size_ids=55&gdpr=0&us_privacy=1---&rp_schain=1.0,1!snigelweb.com,7438,1,,,civitai.com&eid_pubcid.org=173f3a61-ab22-470a-b0f0-1b2ad340e01f%5E1%5E%5E%5E%5E%5E&rf=https%3A%2F%2Fcivitai.com%2Fmodels%2F2465642%2Fnoobai-or-endmin-penguin-endministrator%3FmodelVersionId%3D2772261&tg_i.domain=civitai.com&tg_i.page=https%3A%2F%2Fcivitai.com%2Fmodels%2F2465642%2Fnoobai-or-endmin-penguin-endministrator%3FmodelVersionId%3D2772261&tg_i.cat=597&tg_i.cattax=9&tg_i.documentLang=en&tg_i.pbadslot=adhesive%2303e6e27a-e6b1-4fe9-bc6c-89dd8ab8774a&tk_flint=pbjs_lite_v9.43.0&l_pb_bid_id=27940ce502a4046&p_screen_res=1280x720&rp_secure=1&rp_hard_floor=0.0582&rp_maxbids=1&p_gpid=adhesive%2303e6e27a-e6b1-4fe9-bc6c-89dd8ab8774a&m_ch_ua=%22Chromium%22%7Cv%3D%22148%22%2C%22Google%20Chrome%22%7Cv%3D%22148%22%2C%22Not%2FA)Brand%22%7Cv%3D%2299%22&m_ch_mobile=%3F0&m_ch_platform=Windows&slots=1&rand=0.705151896002425:0
[    3049ms] [ERROR] Failed to load resource: net::ERR_CONNECTION_CLOSED @ https://ib.adnxs.com/ut/v3/prebid:0
[    3050ms] [ERROR] Failed to load resource: net::ERR_CONNECTION_CLOSED @ https://grid-bidder.criteo.com/openrtb_2_5/pbjs/auction/request?profileId=207&av=37&wv=9.43.0&cb=91550045000&lsavail=1&networkId=6724:0
[    3466ms] [ERROR] Failed to load resource: the server responded with a status of 403 () @ https://static.anonymised.io/light/loader.js:0
[    3624ms] [ERROR] Access to fetch at 'https://id5-sync.com/api/config/prebid' from origin 'https://civitai.com' has been blocked by CORS policy: No 'Access-Control-Allow-Origin' header is present on the requested resource. @ https://civitai.com/models/2465642/noobai-or-endmin-penguin-endministrator?modelVersionId=2772261:0
[    3624ms] [ERROR] Failed to load resource: net::ERR_FAILED @ https://id5-sync.com/api/config/prebid:0
[    3853ms] [ERROR] Access to fetch at 'https://hb-api.omnitagjs.com/hb-api/prebid/v1?RefererUrl=https%3A%2F%2Fcivitai.com%2Fmodels%2F2465642%2Fnoobai-or-endmin-penguin-endministrator%3FmodelVersionId%3D2772261&PageUrl=https%3A%2F%2Fcivitai.com%2Fmodels%2F2465642%2Fnoobai-or-endmin-penguin-endministrator%3FmodelVersionId%3D2772261&PageReferrer=https%3A%2F%2Fcivitai.com%2Fmodels%2F2465642%2Fnoobai-or-endmin-penguin-endministrator%3FmodelVersionId%3D2772261&CanonicalUrl=https%3A%2F%2Fcivitai.com%2Fmodels%2F2465642%2Fnoobai-or-endmin-penguin-endministrator' from origin 'https://civitai.com' has been blocked by CORS policy: No 'Access-Control-Allow-Origin' header is present on the requested resource. @ https://civitai.com/models/2465642/noobai-or-endmin-penguin-endministrator?modelVersionId=2772261:0
[    3854ms] [ERROR] Failed to load resource: net::ERR_FAILED @ https://hb-api.omnitagjs.com/hb-api/prebid/v1?RefererUrl=https%3A%2F%2Fcivitai.com%2Fmodels%2F2465642%2Fnoobai-or-endmin-penguin-endministrator%3FmodelVersionId%3D2772261&PageUrl=https%3A%2F%2Fcivitai.com%2Fmodels%2F2465642%2Fnoobai-or-endmin-penguin-endministrator%3FmodelVersionId%3D2772261&PageReferrer=https%3A%2F%2Fcivitai.com%2Fmodels%2F2465642%2Fnoobai-or-endmin-penguin-endministrator%3FmodelVersionId%3D2772261&CanonicalUrl=https%3A%2F%2Fcivitai.com%2Fmodels%2F2465642%2Fnoobai-or-endmin-penguin-endministrator:0
[    3993ms] [ERROR] Failed to load resource: the server responded with a status of 403 () @ https://civitai.com/api/trpc/recommenders.getResourceRecommendations?input=%7B%22json%22%3A%7B%22modelVersionId%22%3A2772261%2C%22browsingLevel%22%3A1%7D%7D:0
[    3993ms] [ERROR] %c << query #17 %crecommenders.getResourceRecommendations%c %O 
    background-color: #3fb0d8;
    color: white;
    padding: 2px;
   
    background-color: #3fb0d8;
    color: white;
    padding: 2px;
  ; font-weight: bold; 
    background-color: #3fb0d8;
    color: white;
    padding: 2px;
  ; font-weight: normal; {input: Object, result: TRPCClientError: FORBIDDEN
    at e.from (https://civitai.com/_next/static/chunks/pages/_app-e71936…, elapsedMs: 231, context: Object} @ https://civitai.com/_next/static/chunks/pages/_app-e719361074e3eb70.js:19
[   10894ms] [ERROR] Failed to load resource: net::ERR_CONNECTION_ABORTED @ https://secure.adnxs.com/getuid?https%3A%2F%2Fsync.kueezrtb.com%2Fapi%2Fcookie%3FpartnerId%3Dkueez-xandr%26userId%3D%24UID%26gdpr%3D%26gdpr_consent%3D%26us_privacy%3D&gdpr=&gdpr_consent=:0
[   10900ms] [ERROR] Failed to load resource: net::ERR_CONNECTION_ABORTED @ https://image8.pubmatic.com/AdServer/ImgSync?p=162110&gdpr=&gdpr_consent=&pu=https%3A%2F%2Fsync.kueezrtb.com%2Fapi%2Fcookie%3FpartnerId%3Dkueez-pubmatic%26gdpr%3D%26gdpr_consent%3D%26us_privacy%3D%26userId%3D%23PMUID:0
[   10905ms] [ERROR] Failed to load resource: net::ERR_CONNECTION_ABORTED @ https://u.openx.net/w/1.0/cm?id=99b0e635-e719-4648-8bd7-0fd339d4e2e5&gdpr=&gdpr_consent=&us_privacy=&r=https%3A%2F%2Fsync.kueezrtb.com%2Fapi%2Fcookie%3FpartnerId%3Dkueez-openx%26gdpr%3D%26gdpr_consent%3D%26us_privacy%3D%26userId%3D%7BOPENX_ID%7D:0
[   11065ms] [ERROR] Failed to load resource: net::ERR_CONNECTION_CLOSED @ https://b1sync.zemanta.com/usersync/ogury/?gdpr=0&gdpr_consent=&cb=https%3A%2F%2Fms-cookie-sync.presage.io%2Fuser-sync%3Foutbrain_id%3D__ZUID__:0
[   11091ms] [ERROR] Failed to load resource: net::ERR_CONNECTION_CLOSED @ https://match.adsrvr.org/track/cmf/generic?ttd_pid=agyie4r&ttd_tpi=1&gdpr=0&gdpr_consent=:0
[   11112ms] [ERROR] Failed to load resource: net::ERR_CONNECTION_CLOSED @ https://id.rlcdn.com/713263.gif:0
[   10894ms] [ERROR] Failed to load resource: net::ERR_CONNECTION_ABORTED @ https://secure.adnxs.com/getuid?https%3A%2F%2Fsync.kueezrtb.com%2Fapi%2Fcookie%3FpartnerId%3Dkueez-xandr%26userId%3D%24UID%26gdpr%3D%26gdpr_consent%3D%26us_privacy%3D&gdpr=&gdpr_consent=:0
[   10900ms] [ERROR] Failed to load resource: net::ERR_CONNECTION_ABORTED @ https://image8.pubmatic.com/AdServer/ImgSync?p=162110&gdpr=&gdpr_consent=&pu=https%3A%2F%2Fsync.kueezrtb.com%2Fapi%2Fcookie%3FpartnerId%3Dkueez-pubmatic%26gdpr%3D%26gdpr_consent%3D%26us_privacy%3D%26userId%3D%23PMUID:0
[   10905ms] [ERROR] Failed to load resource: net::ERR_CONNECTION_ABORTED @ https://u.openx.net/w/1.0/cm?id=99b0e635-e719-4648-8bd7-0fd339d4e2e5&gdpr=&gdpr_consent=&us_privacy=&r=https%3A%2F%2Fsync.kueezrtb.com%2Fapi%2Fcookie%3FpartnerId%3Dkueez-openx%26gdpr%3D%26gdpr_consent%3D%26us_privacy%3D%26userId%3D%7BOPENX_ID%7D:0
[   11156ms] [ERROR] Failed to load resource: net::ERR_CONNECTION_CLOSED @ https://secure.adnxs.com/getuid?https%3A%2F%2Fsync.kueezrtb.com%2Fapi%2Fcookie%3FpartnerId%3Dkueez-xandr%26userId%3D%24UID%26gdpr%3D%26gdpr_consent%3D%26us_privacy%3D&gdpr=&gdpr_consent=:0
[   11158ms] [ERROR] Failed to load resource: net::ERR_CONNECTION_CLOSED @ https://image8.pubmatic.com/AdServer/ImgSync?p=162110&gdpr=&gdpr_consent=&pu=https%3A%2F%2Fsync.kueezrtb.com%2Fapi%2Fcookie%3FpartnerId%3Dkueez-pubmatic%26gdpr%3D%26gdpr_consent%3D%26us_privacy%3D%26userId%3D%23PMUID:0
[   11161ms] [ERROR] Failed to load resource: net::ERR_CONNECTION_CLOSED @ https://u.openx.net/w/1.0/cm?id=99b0e635-e719-4648-8bd7-0fd339d4e2e5&gdpr=&gdpr_consent=&us_privacy=&r=https%3A%2F%2Fsync.kueezrtb.com%2Fapi%2Fcookie%3FpartnerId%3Dkueez-openx%26gdpr%3D%26gdpr_consent%3D%26us_privacy%3D%26userId%3D%7BOPENX_ID%7D:0
[   11065ms] [ERROR] Failed to load resource: net::ERR_CONNECTION_CLOSED @ https://b1sync.zemanta.com/usersync/ogury/?gdpr=0&gdpr_consent=&cb=https%3A%2F%2Fms-cookie-sync.presage.io%2Fuser-sync%3Foutbrain_id%3D__ZUID__:0
[   11091ms] [ERROR] Failed to load resource: net::ERR_CONNECTION_CLOSED @ https://match.adsrvr.org/track/cmf/generic?ttd_pid=agyie4r&ttd_tpi=1&gdpr=0&gdpr_consent=:0
[   11112ms] [ERROR] Failed to load resource: net::ERR_CONNECTION_CLOSED @ https://id.rlcdn.com/713263.gif:0
[   11232ms] [ERROR] Failed to load resource: net::ERR_CONNECTION_CLOSED @ https://ib.adnxs.com/getuid?https://ms-cookie-sync.presage.io/user-sync?xandr_id=$UID&gdpr=0&gdpr_consent=:0
[   11234ms] [ERROR] Failed to load resource: net::ERR_CONNECTION_CLOSED @ https://id.rlcdn.com/713263.gif:0
[   11251ms] [ERROR] Failed to load resource: net::ERR_CONNECTION_CLOSED @ https://ads.pubmatic.com/AdServer/js/userSync.js:0
[   11254ms] [ERROR] Failed to load resource: net::ERR_CONNECTION_CLOSED @ https://b1sync.zemanta.com/usersync/ogury/?gdpr=0&gdpr_consent=&cb=https%3A%2F%2Fms-cookie-sync.presage.io%2Fuser-sync%3Foutbrain_id%3D__ZUID__:0
[   11282ms] [ERROR] Failed to load resource: net::ERR_CONNECTION_CLOSED @ https://match.adsrvr.org/track/cmf/generic?ttd_pid=agyie4r&ttd_tpi=1&gdpr=0&gdpr_consent=:0
[   11641ms] [ERROR] Failed to load resource: net::ERR_CONNECTION_ABORTED @ https://cm.g.doubleclick.net/pixel?google_nid=bidswitch_dbm&google_cm&google_sc&ssp=ogury&bsw_param=c7537478-44c9-4fa0-8ff5-08c4e5553767&google_hm=Yzc1Mzc0NzgtNDRjOS00ZmEwLThmZjUtMDhjNGU1NTUzNzY3&gdpr_consent=&gdpr=0:0
[   11892ms] [ERROR] Failed to load resource: net::ERR_CONNECTION_CLOSED @ https://u.openx.net/w/1.0/cm?id=3cc4b2f6-c7e1-439a-8174-b6dbb96bcabf&r=https%3A%2F%2Fu-ams.4dex.io%2Fsetuid%3Fbidder%3Dopenx%26it%3Dortb%26uid%3D%7BOPENX_ID%7D:0
[   11910ms] [ERROR] Failed to load resource: the server responded with a status of 404 () @ https://cs.admanmedia.com/c899400112bd5b9243b3993d9a074653.gif?puid=[UID]&redir=https%3A%2F%2Fcsync.smilewanted.com%2Fset_partner_userid_get%2Fillumin%2F%5BUID%5D&gdpr=0&gdpr_consent=:0
[   12171ms] [ERROR] Failed to load resource: net::ERR_CONNECTION_CLOSED @ https://match.adsrvr.org/track/cmf/generic?ttd_pid=svx9t50&ttd_tpi=1&gdpr=0&gdpr_consent=&gpp=&gpp_sid=:0
[   12174ms] [ERROR] Failed to load resource: net::ERR_CONNECTION_CLOSED @ https://cm.g.doubleclick.net/pixel?google_nid=triplelift&google_cm&google_sc&gdpr=0&gdpr_consent=:0
[   11892ms] [ERROR] Failed to load resource: net::ERR_CONNECTION_CLOSED @ https://u.openx.net/w/1.0/cm?id=3cc4b2f6-c7e1-439a-8174-b6dbb96bcabf&r=https%3A%2F%2Fu-ams.4dex.io%2Fsetuid%3Fbidder%3Dopenx%26it%3Dortb%26uid%3D%7BOPENX_ID%7D:0
[   12423ms] [ERROR] Failed to load resource: net::ERR_CONNECTION_RESET @ https://cm.g.doubleclick.net/pixel?google_nid=tl&gdpr=0&gdpr_consent=&us_privacy=&google_hm=MjIzMjkwODM1MzE3MDg5OTk1NjMwNw%3D%3D:0
[   12424ms] [ERROR] Failed to load resource: net::ERR_CONNECTION_CLOSED @ https://cm.g.doubleclick.net/pixel?google_nid=triplelift&gdpr=0&gdpr_consent=&us_privacy=&google_hm=MjIzMjkwODM1MzE3MDg5OTk1NjMwNw%3D%3D:0
[   12515ms] [ERROR] Failed to load resource: net::ERR_CONNECTION_ABORTED @ https://u.openx.net/w/1.0/cm?id=3cc4b2f6-c7e1-439a-8174-b6dbb96bcabf&r=https%3A%2F%2Fu-ams.4dex.io%2Fsetuid%3Fbidder%3Dopenx%26it%3Dortb%26uid%3D%7BOPENX_ID%7D:0
[   12171ms] [ERROR] Failed to load resource: net::ERR_CONNECTION_CLOSED @ https://match.adsrvr.org/track/cmf/generic?ttd_pid=svx9t50&ttd_tpi=1&gdpr=0&gdpr_consent=&gpp=&gpp_sid=:0
[   12174ms] [ERROR] Failed to load resource: net::ERR_CONNECTION_CLOSED @ https://cm.g.doubleclick.net/pixel?google_nid=triplelift&google_cm&google_sc&gdpr=0&gdpr_consent=:0
[   12423ms] [ERROR] Failed to load resource: net::ERR_CONNECTION_RESET @ https://cm.g.doubleclick.net/pixel?google_nid=tl&gdpr=0&gdpr_consent=&us_privacy=&google_hm=MjIzMjkwODM1MzE3MDg5OTk1NjMwNw%3D%3D:0
[   12424ms] [ERROR] Failed to load resource: net::ERR_CONNECTION_CLOSED @ https://cm.g.doubleclick.net/pixel?google_nid=triplelift&gdpr=0&gdpr_consent=&us_privacy=&google_hm=MjIzMjkwODM1MzE3MDg5OTk1NjMwNw%3D%3D:0
[   12802ms] [ERROR] Failed to load resource: net::ERR_CONNECTION_ABORTED @ https://sync.ipredictive.com/d/sync/cookie/generic?https://eb2.3lift.com/xuid?mid=3702&xuid=${ADELPHIC_CUID}&dongle=d54f&gdpr=0&gdpr_consent=:0
[   12807ms] [ERROR] Failed to load resource: net::ERR_CONNECTION_ABORTED @ https://pixel-sync.sitescout.com/dmp/pixelSync?nid=83&gdpr=0&gdpr_consent=:0
[   12807ms] [ERROR] Failed to load resource: net::ERR_CONNECTION_ABORTED @ https://dis.criteo.com/dis/usersync.aspx?r=44&p=75&cp=triplelift&cu=1&gdpr=0&gdpr_consent=&us_privacy=&gpp=&gpp_sid=&url=https%3A%2F%2Feb2.3lift.com%2Fxuid%3Fmid%3D2711%26xuid%3D%40%40CRITEO_USERID%40%40%26dongle%3D013b:0
[   13838ms] [ERROR] Failed to load resource: net::ERR_CONNECTION_CLOSED @ https://match.adsrvr.org/track/cmf/generic?ttd_pid=eyeota&ttd_tpi=1&gdpr=0&gdpr_consent=&ttd_passthrough=%26dc_rc%3D1%26dc_mr%3D1%26dc_orig%3Dc9gd671%26%26referrer_pid%3Dc9gd671:0
[   14123ms] [ERROR] Failed to load resource: net::ERR_CONNECTION_ABORTED @ https://ib.adnxs.com/getuid?https%3A%2F%2Fet-c-ash.33across.com%2Fmatch%3Fliv%3Dh%26us_privacy%3D%26bidder_id%3D90%26external_user_id%3D%24UID:0
[   25633ms] [ERROR] Failed to load resource: net::ERR_CONNECTION_CLOSED @ https://syncingbridge.com/user?gdpr=0&gdpr_consent=&p=2&redirect=https%3A%2F%2Fms-cookie-sync.presage.io%2Fuser-sync%3Fgdpr_consent%3D%26gdpr%3D0%26brave_id%3D%7BUID%7D:0
